<?xml version="1.0" encoding="UTF-8"?>
<robot generator="Robot 4.0 (Python 3.8.5 on win32)" generated="20210706 08:35:02.278" rpa="false" schemaversion="2">
<suite id="s1" name="Students" source="C:\Projetos\robotexpert\bodytest\tests\students">
<suite id="s1-s1" name="Create" source="C:\Projetos\robotexpert\bodytest\tests\students\create.robot">
<kw name="Start Admin Session" library="base" type="SETUP">
<kw name="Start Browser Session" library="base">
<kw name="New Browser" library="Browser">
<arg>chromium</arg>
<arg>False</arg>
<tag>BrowserControl</tag>
<tag>Setter</tag>
<doc>Create a new playwright Browser with specified options.
See `Browser, Context and Page` for more information about Browser and related concepts.</doc>
<msg timestamp="20210706 08:35:03.950" level="INFO">{"browser": "chromium", "headless": false, "handleSIGINT": true, "handleSIGTERM": true, "handleSIGHUP": true, "timeout": 30000.0, "devtools": false, "slowMo": 0.0}</msg>
<msg timestamp="20210706 08:35:04.746" level="INFO">Successfully created browser with options: {"browser":"chromium","headless":false,"handleSIGINT":true,"handleSIGTERM":true,"handleSIGHUP":true,"timeout":30000,"devtools":false,"slowMo":0}</msg>
<status status="PASS" starttime="20210706 08:35:03.949" endtime="20210706 08:35:04.753"/>
</kw>
<kw name="New Page" library="Browser">
<arg>about:blank</arg>
<tag>BrowserControl</tag>
<tag>Setter</tag>
<doc>Open a new Page. A Page is the Playwright equivalent to a tab.
See `Browser, Context and Page` for more information about Page concept.
Returns a stable identifier for the created page.</doc>
<msg timestamp="20210706 08:35:05.455" level="INFO">Successfully initialized new page object and opened url: about:blank</msg>
<status status="PASS" starttime="20210706 08:35:04.754" endtime="20210706 08:35:05.456"/>
</kw>
<status status="PASS" starttime="20210706 08:35:03.949" endtime="20210706 08:35:05.456"/>
</kw>
<kw name="Go To Login Page" library="auth">
<kw name="Go To" library="Browser">
<arg>https://bodytest-web-rafaelcbc.herokuapp.com/</arg>
<tag>BrowserControl</tag>
<tag>Setter</tag>
<doc>Navigates to the given ``url``.</doc>
<msg timestamp="20210706 08:35:07.669" level="INFO">Succesfully opened URL https://bodytest-web-rafaelcbc.herokuapp.com/</msg>
<status status="PASS" starttime="20210706 08:35:05.456" endtime="20210706 08:35:07.670"/>
</kw>
<status status="PASS" starttime="20210706 08:35:05.456" endtime="20210706 08:35:07.670"/>
</kw>
<kw name="Login With" library="auth">
<arg>admin@bodytest.com</arg>
<arg>pwd123</arg>
<kw name="Fill Text" library="Browser">
<arg>css=input[name=email]</arg>
<arg>${email}</arg>
<tag>PageContent</tag>
<tag>Setter</tag>
<doc>Clears and fills the given ``text`` into the text field found by ``selector``.</doc>
<msg timestamp="20210706 08:35:07.671" level="INFO">Fills the text 'admin@bodytest.com' in the given field.</msg>
<status status="PASS" starttime="20210706 08:35:07.671" endtime="20210706 08:35:07.720"/>
</kw>
<kw name="Fill Text" library="Browser">
<arg>css=input[name=password]</arg>
<arg>${pass}</arg>
<tag>PageContent</tag>
<tag>Setter</tag>
<doc>Clears and fills the given ``text`` into the text field found by ``selector``.</doc>
<msg timestamp="20210706 08:35:07.720" level="INFO">Fills the text 'pwd123' in the given field.</msg>
<status status="PASS" starttime="20210706 08:35:07.720" endtime="20210706 08:35:07.744"/>
</kw>
<kw name="Click" library="Browser">
<arg>text=Entrar</arg>
<tag>PageContent</tag>
<tag>Setter</tag>
<doc>Simulates mouse click on the element found by ``selector``.</doc>
<status status="PASS" starttime="20210706 08:35:07.744" endtime="20210706 08:35:07.809"/>
</kw>
<status status="PASS" starttime="20210706 08:35:07.670" endtime="20210706 08:35:07.809"/>
</kw>
<kw name="User Should Be Logged In" library="nav">
<arg>Administrador</arg>
<kw name="Get Text" library="Browser">
<arg>css=aside strong</arg>
<arg>should be</arg>
<arg>${user_name}</arg>
<tag>Assertion</tag>
<tag>Getter</tag>
<tag>PageContent</tag>
<doc>Returns text attribute of the element found by ``selector``.
See the `Finding elements` section for details about the selectors.</doc>
<status status="PASS" starttime="20210706 08:35:07.810" endtime="20210706 08:35:08.705"/>
</kw>
<status status="PASS" starttime="20210706 08:35:07.809" endtime="20210706 08:35:08.705"/>
</kw>
<status status="PASS" starttime="20210706 08:35:03.948" endtime="20210706 08:35:08.705"/>
</kw>
<test id="s1-s1-t1" name="Cenario: Novo aluno">
<kw name="Create Dictionary" library="BuiltIn">
<var>&amp;{student}</var>
<arg>name=Fernando Papito</arg>
<arg>email=fernando@qaninja.academy</arg>
<arg>age=38</arg>
<arg>weight=92</arg>
<arg>feet_tall=1.70</arg>
<doc>Creates and returns a dictionary based on the given ``items``.</doc>
<msg timestamp="20210706 08:35:08.714" level="INFO">&amp;{student} = { name=Fernando Papito | email=fernando@qaninja.academy | age=38 | weight=92 | feet_tall=1.70 }</msg>
<status status="PASS" starttime="20210706 08:35:08.713" endtime="20210706 08:35:08.714"/>
</kw>
<kw name="Remove Student" library="DeloreanLibrary">
<arg>${student.email}</arg>
<msg timestamp="20210706 08:35:08.716" level="INFO">delete from students where email = 'fernando@qaninja.academy'</msg>
<status status="PASS" starttime="20210706 08:35:08.715" endtime="20210706 08:35:10.126"/>
</kw>
<kw name="Go To Students" library="nav">
<kw name="Click" library="Browser">
<arg>css=a[href$=alunos]</arg>
<tag>PageContent</tag>
<tag>Setter</tag>
<doc>Simulates mouse click on the element found by ``selector``.</doc>
<status status="PASS" starttime="20210706 08:35:10.128" endtime="20210706 08:35:10.198"/>
</kw>
<kw name="Wait For Elements State" library="Browser">
<arg>css=h1 &gt;&gt; text=Gestão de Alunos</arg>
<arg>visible</arg>
<arg>5</arg>
<tag>PageContent</tag>
<tag>Wait</tag>
<doc>Waits for the element found by ``selector`` to satisfy state option.</doc>
<msg timestamp="20210706 08:35:10.215" level="INFO">Wait for Element with selector: css=h1 &gt;&gt; text=Gestão de Alunos</msg>
<status status="PASS" starttime="20210706 08:35:10.198" endtime="20210706 08:35:10.215"/>
</kw>
<status status="PASS" starttime="20210706 08:35:10.127" endtime="20210706 08:35:10.215"/>
</kw>
<kw name="Go To Form Student" library="students">
<kw name="Click" library="Browser">
<arg>css=a[href$="alunos/new"]</arg>
<tag>PageContent</tag>
<tag>Setter</tag>
<doc>Simulates mouse click on the element found by ``selector``.</doc>
<status status="PASS" starttime="20210706 08:35:10.217" endtime="20210706 08:35:10.330"/>
</kw>
<kw name="Wait For Elements State" library="Browser">
<arg>css=h1 &gt;&gt; text=Novo aluno</arg>
<arg>visible</arg>
<arg>5</arg>
<tag>PageContent</tag>
<tag>Wait</tag>
<doc>Waits for the element found by ``selector`` to satisfy state option.</doc>
<msg timestamp="20210706 08:35:10.343" level="INFO">Wait for Element with selector: css=h1 &gt;&gt; text=Novo aluno</msg>
<status status="PASS" starttime="20210706 08:35:10.330" endtime="20210706 08:35:10.344"/>
</kw>
<status status="PASS" starttime="20210706 08:35:10.216" endtime="20210706 08:35:10.344"/>
</kw>
<kw name="New Student" library="students">
<arg>${student}</arg>
<kw name="Fill Text" library="Browser">
<arg>${NAME_FIELD}</arg>
<arg>${student.name}</arg>
<tag>PageContent</tag>
<tag>Setter</tag>
<doc>Clears and fills the given ``text`` into the text field found by ``selector``.</doc>
<msg timestamp="20210706 08:35:10.347" level="INFO">Fills the text 'Fernando Papito' in the given field.</msg>
<status status="PASS" starttime="20210706 08:35:10.346" endtime="20210706 08:35:10.374"/>
</kw>
<kw name="Fill Text" library="Browser">
<arg>${EMAIL_FIELD}</arg>
<arg>${student.email}</arg>
<tag>PageContent</tag>
<tag>Setter</tag>
<doc>Clears and fills the given ``text`` into the text field found by ``selector``.</doc>
<msg timestamp="20210706 08:35:10.375" level="INFO">Fills the text 'fernando@qaninja.academy' in the given field.</msg>
<status status="PASS" starttime="20210706 08:35:10.374" endtime="20210706 08:35:10.393"/>
</kw>
<kw name="Fill Text" library="Browser">
<arg>${AGE_FIELD}</arg>
<arg>${student.age}</arg>
<tag>PageContent</tag>
<tag>Setter</tag>
<doc>Clears and fills the given ``text`` into the text field found by ``selector``.</doc>
<msg timestamp="20210706 08:35:10.395" level="INFO">Fills the text '38' in the given field.</msg>
<status status="PASS" starttime="20210706 08:35:10.394" endtime="20210706 08:35:10.413"/>
</kw>
<kw name="Fill Text" library="Browser">
<arg>${WEIGHT_FIELD}</arg>
<arg>${student.weight}</arg>
<tag>PageContent</tag>
<tag>Setter</tag>
<doc>Clears and fills the given ``text`` into the text field found by ``selector``.</doc>
<msg timestamp="20210706 08:35:10.414" level="INFO">Fills the text '92' in the given field.</msg>
<status status="PASS" starttime="20210706 08:35:10.414" endtime="20210706 08:35:10.433"/>
</kw>
<kw name="Fill Text" library="Browser">
<arg>${FEET_TALL_FIELD}</arg>
<arg>${student.feet_tall}</arg>
<tag>PageContent</tag>
<tag>Setter</tag>
<doc>Clears and fills the given ``text`` into the text field found by ``selector``.</doc>
<msg timestamp="20210706 08:35:10.434" level="INFO">Fills the text '1.70' in the given field.</msg>
<status status="PASS" starttime="20210706 08:35:10.433" endtime="20210706 08:35:10.455"/>
</kw>
<kw name="Submit Studend Form" library="students">
<kw name="Click" library="Browser">
<arg>xpath=//button[contains(text(), "Salvar")]</arg>
<tag>PageContent</tag>
<tag>Setter</tag>
<doc>Simulates mouse click on the element found by ``selector``.</doc>
<status status="PASS" starttime="20210706 08:35:10.456" endtime="20210706 08:35:10.513"/>
</kw>
<status status="PASS" starttime="20210706 08:35:10.455" endtime="20210706 08:35:10.513"/>
</kw>
<status status="PASS" starttime="20210706 08:35:10.345" endtime="20210706 08:35:10.514"/>
</kw>
<kw name="Toaster Text Should Be" library="components">
<arg>Aluno cadastrado com sucesso.</arg>
<kw name="Wait For Elements State" library="Browser">
<arg>css=.Toastify__toast-body &gt;&gt; text=${expect_text}</arg>
<arg>visible</arg>
<arg>5</arg>
<tag>PageContent</tag>
<tag>Wait</tag>
<doc>Waits for the element found by ``selector`` to satisfy state option.</doc>
<msg timestamp="20210706 08:35:10.980" level="INFO">Wait for Element with selector: css=.Toastify__toast-body &gt;&gt; text=Aluno cadastrado com sucesso.</msg>
<status status="PASS" starttime="20210706 08:35:10.515" endtime="20210706 08:35:10.981"/>
</kw>
<status status="PASS" starttime="20210706 08:35:10.515" endtime="20210706 08:35:10.981"/>
</kw>
<kw name="Thinking And Take Screenshot" library="base" type="TEARDOWN">
<arg>2</arg>
<kw name="Sleep" library="BuiltIn">
<arg>${timeout}</arg>
<doc>Pauses the test executed for the given time.</doc>
<msg timestamp="20210706 08:35:12.995" level="INFO">Slept 2 seconds</msg>
<status status="PASS" starttime="20210706 08:35:10.983" endtime="20210706 08:35:12.995"/>
</kw>
<kw name="Take Screenshot" library="Browser">
<tag>PageContent</tag>
<doc>Takes a screenshot of the current window and saves it to ``path``. Saves it as a png.</doc>
<msg timestamp="20210706 08:35:13.277" level="INFO" html="true">&lt;/td&gt;&lt;/tr&gt;&lt;tr&gt;&lt;td colspan="3"&gt;&lt;a href="browser/screenshot/robotframework-browser-screenshot-1.png"&gt;&lt;img src="browser/screenshot/robotframework-browser-screenshot-1.png" width="800px"&gt;&lt;/a&gt;</msg>
<status status="PASS" starttime="20210706 08:35:12.995" endtime="20210706 08:35:13.277"/>
</kw>
<status status="PASS" starttime="20210706 08:35:10.982" endtime="20210706 08:35:13.277"/>
</kw>
<status status="PASS" starttime="20210706 08:35:08.706" endtime="20210706 08:35:13.278"/>
</test>
<test id="s1-s1-t2" name="Cenario: Não deve permitir email duplicado">
<kw name="Create Dictionary" library="BuiltIn">
<var>&amp;{student}</var>
<arg>name=João Henrique</arg>
<arg>email=joao@gmail.com</arg>
<arg>age=20</arg>
<arg>weight=72</arg>
<arg>feet_tall=1.75</arg>
<doc>Creates and returns a dictionary based on the given ``items``.</doc>
<msg timestamp="20210706 08:35:13.293" level="INFO">&amp;{student} = { name=João Henrique | email=joao@gmail.com | age=20 | weight=72 | feet_tall=1.75 }</msg>
<status status="PASS" starttime="20210706 08:35:13.292" endtime="20210706 08:35:13.293"/>
</kw>
<kw name="Insert Student" library="DeloreanLibrary">
<arg>${student}</arg>
<msg timestamp="20210706 08:35:13.294" level="INFO">delete from students where email = 'joao@gmail.com'</msg>
<msg timestamp="20210706 08:35:14.625" level="INFO">insert into students (name, email, age, weight, feet_tall,created_at,updated_at)values('João Henrique','joao@gmail.com',20,72,1.75,NOW(),NOW());</msg>
<status status="PASS" starttime="20210706 08:35:13.293" endtime="20210706 08:35:16.050"/>
</kw>
<kw name="Go To Students" library="nav">
<kw name="Click" library="Browser">
<arg>css=a[href$=alunos]</arg>
<tag>PageContent</tag>
<tag>Setter</tag>
<doc>Simulates mouse click on the element found by ``selector``.</doc>
<status status="PASS" starttime="20210706 08:35:16.052" endtime="20210706 08:35:16.091"/>
</kw>
<kw name="Wait For Elements State" library="Browser">
<arg>css=h1 &gt;&gt; text=Gestão de Alunos</arg>
<arg>visible</arg>
<arg>5</arg>
<tag>PageContent</tag>
<tag>Wait</tag>
<doc>Waits for the element found by ``selector`` to satisfy state option.</doc>
<msg timestamp="20210706 08:35:16.105" level="INFO">Wait for Element with selector: css=h1 &gt;&gt; text=Gestão de Alunos</msg>
<status status="PASS" starttime="20210706 08:35:16.091" endtime="20210706 08:35:16.106"/>
</kw>
<status status="PASS" starttime="20210706 08:35:16.052" endtime="20210706 08:35:16.106"/>
</kw>
<kw name="Go To Form Student" library="students">
<kw name="Click" library="Browser">
<arg>css=a[href$="alunos/new"]</arg>
<tag>PageContent</tag>
<tag>Setter</tag>
<doc>Simulates mouse click on the element found by ``selector``.</doc>
<status status="PASS" starttime="20210706 08:35:16.107" endtime="20210706 08:35:16.177"/>
</kw>
<kw name="Wait For Elements State" library="Browser">
<arg>css=h1 &gt;&gt; text=Novo aluno</arg>
<arg>visible</arg>
<arg>5</arg>
<tag>PageContent</tag>
<tag>Wait</tag>
<doc>Waits for the element found by ``selector`` to satisfy state option.</doc>
<msg timestamp="20210706 08:35:16.192" level="INFO">Wait for Element with selector: css=h1 &gt;&gt; text=Novo aluno</msg>
<status status="PASS" starttime="20210706 08:35:16.178" endtime="20210706 08:35:16.193"/>
</kw>
<status status="PASS" starttime="20210706 08:35:16.107" endtime="20210706 08:35:16.193"/>
</kw>
<kw name="New Student" library="students">
<arg>${student}</arg>
<kw name="Fill Text" library="Browser">
<arg>${NAME_FIELD}</arg>
<arg>${student.name}</arg>
<tag>PageContent</tag>
<tag>Setter</tag>
<doc>Clears and fills the given ``text`` into the text field found by ``selector``.</doc>
<msg timestamp="20210706 08:35:16.195" level="INFO">Fills the text 'João Henrique' in the given field.</msg>
<status status="PASS" starttime="20210706 08:35:16.194" endtime="20210706 08:35:16.217"/>
</kw>
<kw name="Fill Text" library="Browser">
<arg>${EMAIL_FIELD}</arg>
<arg>${student.email}</arg>
<tag>PageContent</tag>
<tag>Setter</tag>
<doc>Clears and fills the given ``text`` into the text field found by ``selector``.</doc>
<msg timestamp="20210706 08:35:16.219" level="INFO">Fills the text 'joao@gmail.com' in the given field.</msg>
<status status="PASS" starttime="20210706 08:35:16.218" endtime="20210706 08:35:16.244"/>
</kw>
<kw name="Fill Text" library="Browser">
<arg>${AGE_FIELD}</arg>
<arg>${student.age}</arg>
<tag>PageContent</tag>
<tag>Setter</tag>
<doc>Clears and fills the given ``text`` into the text field found by ``selector``.</doc>
<msg timestamp="20210706 08:35:16.245" level="INFO">Fills the text '20' in the given field.</msg>
<status status="PASS" starttime="20210706 08:35:16.244" endtime="20210706 08:35:16.265"/>
</kw>
<kw name="Fill Text" library="Browser">
<arg>${WEIGHT_FIELD}</arg>
<arg>${student.weight}</arg>
<tag>PageContent</tag>
<tag>Setter</tag>
<doc>Clears and fills the given ``text`` into the text field found by ``selector``.</doc>
<msg timestamp="20210706 08:35:16.266" level="INFO">Fills the text '72' in the given field.</msg>
<status status="PASS" starttime="20210706 08:35:16.265" endtime="20210706 08:35:16.287"/>
</kw>
<kw name="Fill Text" library="Browser">
<arg>${FEET_TALL_FIELD}</arg>
<arg>${student.feet_tall}</arg>
<tag>PageContent</tag>
<tag>Setter</tag>
<doc>Clears and fills the given ``text`` into the text field found by ``selector``.</doc>
<msg timestamp="20210706 08:35:16.288" level="INFO">Fills the text '1.75' in the given field.</msg>
<status status="PASS" starttime="20210706 08:35:16.287" endtime="20210706 08:35:16.307"/>
</kw>
<kw name="Submit Studend Form" library="students">
<kw name="Click" library="Browser">
<arg>xpath=//button[contains(text(), "Salvar")]</arg>
<tag>PageContent</tag>
<tag>Setter</tag>
<doc>Simulates mouse click on the element found by ``selector``.</doc>
<status status="PASS" starttime="20210706 08:35:16.308" endtime="20210706 08:35:16.365"/>
</kw>
<status status="PASS" starttime="20210706 08:35:16.307" endtime="20210706 08:35:16.365"/>
</kw>
<status status="PASS" starttime="20210706 08:35:16.194" endtime="20210706 08:35:16.365"/>
</kw>
<kw name="Toaster Text Should Be" library="components">
<arg>Email já existe no sistema.</arg>
<kw name="Wait For Elements State" library="Browser">
<arg>css=.Toastify__toast-body &gt;&gt; text=${expect_text}</arg>
<arg>visible</arg>
<arg>5</arg>
<tag>PageContent</tag>
<tag>Wait</tag>
<doc>Waits for the element found by ``selector`` to satisfy state option.</doc>
<msg timestamp="20210706 08:35:21.533" level="INFO" html="true">&lt;/td&gt;&lt;/tr&gt;&lt;tr&gt;&lt;td colspan="3"&gt;&lt;a href="Cenario_No_deve_permitir_email_duplicado_FAILURE_SCREENSHOT_1.png"&gt;&lt;img src="Cenario_No_deve_permitir_email_duplicado_FAILURE_SCREENSHOT_1.png" width="800px"&gt;&lt;/a&gt;</msg>
<msg timestamp="20210706 08:35:21.580" level="FAIL">TimeoutError: page.waitForSelector: Timeout 5000ms exceeded.
=========================== logs ===========================
waiting for selector "css=.Toastify__toast-body &gt;&gt; text=Email já existe no sistema." to be visible
============================================================
Note: use DEBUG=pw:api environment variable to capture Playwright logs.</msg>
<status status="FAIL" starttime="20210706 08:35:16.367" endtime="20210706 08:35:21.581"/>
</kw>
<status status="FAIL" starttime="20210706 08:35:16.366" endtime="20210706 08:35:21.581"/>
</kw>
<kw name="Thinking And Take Screenshot" library="base" type="TEARDOWN">
<arg>2</arg>
<kw name="Sleep" library="BuiltIn">
<arg>${timeout}</arg>
<doc>Pauses the test executed for the given time.</doc>
<msg timestamp="20210706 08:35:23.586" level="INFO">Slept 2 seconds</msg>
<status status="PASS" starttime="20210706 08:35:21.582" endtime="20210706 08:35:23.586"/>
</kw>
<kw name="Take Screenshot" library="Browser">
<tag>PageContent</tag>
<doc>Takes a screenshot of the current window and saves it to ``path``. Saves it as a png.</doc>
<msg timestamp="20210706 08:35:23.716" level="INFO" html="true">&lt;/td&gt;&lt;/tr&gt;&lt;tr&gt;&lt;td colspan="3"&gt;&lt;a href="browser/screenshot/robotframework-browser-screenshot-2.png"&gt;&lt;img src="browser/screenshot/robotframework-browser-screenshot-2.png" width="800px"&gt;&lt;/a&gt;</msg>
<status status="PASS" starttime="20210706 08:35:23.586" endtime="20210706 08:35:23.716"/>
</kw>
<status status="PASS" starttime="20210706 08:35:21.582" endtime="20210706 08:35:23.716"/>
</kw>
<tag>dup</tag>
<status status="FAIL" starttime="20210706 08:35:13.287" endtime="20210706 08:35:23.717">TimeoutError: page.waitForSelector: Timeout 5000ms exceeded.
=========================== logs ===========================
waiting for selector "css=.Toastify__toast-body &gt;&gt; text=Email já existe no sistema." to be visible
============================================================
Note: use DEBUG=pw:api environment variable to capture Playwright logs.</status>
</test>
<test id="s1-s1-t3" name="Cenario: Todos os campos devem ser obrigatórios">
<kw name="Set Variable" library="BuiltIn">
<var>@{expected_alerts}</var>
<arg>Nome é obrigatório</arg>
<arg>O e-mail é obrigatório</arg>
<arg>idade é obrigatória</arg>
<arg>o peso é obrigatório</arg>
<arg>a Altura é obrigatória</arg>
<doc>Returns the given values which can then be assigned to a variables.</doc>
<msg timestamp="20210706 08:35:23.740" level="INFO">@{expected_alerts} = [ Nome é obrigatório | O e-mail é obrigatório | idade é obrigatória | o peso é obrigatório | a Altura é obrigatória ]</msg>
<status status="PASS" starttime="20210706 08:35:23.740" endtime="20210706 08:35:23.740"/>
</kw>
<kw name="Create List" library="BuiltIn">
<var>@{got_alerts}</var>
<doc>Returns a list containing given items.</doc>
<msg timestamp="20210706 08:35:23.741" level="INFO">@{got_alerts} = [ ]</msg>
<status status="PASS" starttime="20210706 08:35:23.741" endtime="20210706 08:35:23.741"/>
</kw>
<kw name="Go To Students" library="nav">
<kw name="Click" library="Browser">
<arg>css=a[href$=alunos]</arg>
<tag>PageContent</tag>
<tag>Setter</tag>
<doc>Simulates mouse click on the element found by ``selector``.</doc>
<status status="PASS" starttime="20210706 08:35:23.742" endtime="20210706 08:35:23.778"/>
</kw>
<kw name="Wait For Elements State" library="Browser">
<arg>css=h1 &gt;&gt; text=Gestão de Alunos</arg>
<arg>visible</arg>
<arg>5</arg>
<tag>PageContent</tag>
<tag>Wait</tag>
<doc>Waits for the element found by ``selector`` to satisfy state option.</doc>
<msg timestamp="20210706 08:35:23.791" level="INFO">Wait for Element with selector: css=h1 &gt;&gt; text=Gestão de Alunos</msg>
<status status="PASS" starttime="20210706 08:35:23.778" endtime="20210706 08:35:23.791"/>
</kw>
<status status="PASS" starttime="20210706 08:35:23.742" endtime="20210706 08:35:23.791"/>
</kw>
<kw name="Go To Form Student" library="students">
<kw name="Click" library="Browser">
<arg>css=a[href$="alunos/new"]</arg>
<tag>PageContent</tag>
<tag>Setter</tag>
<doc>Simulates mouse click on the element found by ``selector``.</doc>
<status status="PASS" starttime="20210706 08:35:23.793" endtime="20210706 08:35:23.832"/>
</kw>
<kw name="Wait For Elements State" library="Browser">
<arg>css=h1 &gt;&gt; text=Novo aluno</arg>
<arg>visible</arg>
<arg>5</arg>
<tag>PageContent</tag>
<tag>Wait</tag>
<doc>Waits for the element found by ``selector`` to satisfy state option.</doc>
<msg timestamp="20210706 08:35:23.847" level="INFO">Wait for Element with selector: css=h1 &gt;&gt; text=Novo aluno</msg>
<status status="PASS" starttime="20210706 08:35:23.832" endtime="20210706 08:35:23.848"/>
</kw>
<status status="PASS" starttime="20210706 08:35:23.792" endtime="20210706 08:35:23.848"/>
</kw>
<kw name="Submit Studend Form" library="students">
<kw name="Click" library="Browser">
<arg>xpath=//button[contains(text(), "Salvar")]</arg>
<tag>PageContent</tag>
<tag>Setter</tag>
<doc>Simulates mouse click on the element found by ``selector``.</doc>
<status status="PASS" starttime="20210706 08:35:23.849" endtime="20210706 08:35:23.914"/>
</kw>
<status status="PASS" starttime="20210706 08:35:23.849" endtime="20210706 08:35:23.914"/>
</kw>
<for flavor="IN RANGE">
<var>${index}</var>
<value>1</value>
<value>6</value>
<iter>
<var name="${index}">1</var>
<kw name="Get Required Alerts" library="components">
<var>${span}</var>
<arg>${index}</arg>
<kw name="Get Text" library="Browser">
<var>${span}</var>
<arg>xpath=(//form//span)[${index}]</arg>
<tag>Assertion</tag>
<tag>Getter</tag>
<tag>PageContent</tag>
<doc>Returns text attribute of the element found by ``selector``.
See the `Finding elements` section for details about the selectors.</doc>
<msg timestamp="20210706 08:35:23.937" level="INFO">${span} = Nome é obrigatório</msg>
<status status="PASS" starttime="20210706 08:35:23.916" endtime="20210706 08:35:23.938"/>
</kw>
<msg timestamp="20210706 08:35:23.938" level="INFO">${span} = Nome é obrigatório</msg>
<status status="PASS" starttime="20210706 08:35:23.916" endtime="20210706 08:35:23.938"/>
</kw>
<kw name="Append To List" library="Collections">
<arg>${got_alerts}</arg>
<arg>${span}</arg>
<doc>Adds ``values`` to the end of ``list``.</doc>
<status status="PASS" starttime="20210706 08:35:23.938" endtime="20210706 08:35:23.938"/>
</kw>
<status status="PASS" starttime="20210706 08:35:23.915" endtime="20210706 08:35:23.938"/>
</iter>
<iter>
<var name="${index}">2</var>
<kw name="Get Required Alerts" library="components">
<var>${span}</var>
<arg>${index}</arg>
<kw name="Get Text" library="Browser">
<var>${span}</var>
<arg>xpath=(//form//span)[${index}]</arg>
<tag>Assertion</tag>
<tag>Getter</tag>
<tag>PageContent</tag>
<doc>Returns text attribute of the element found by ``selector``.
See the `Finding elements` section for details about the selectors.</doc>
<msg timestamp="20210706 08:35:23.961" level="INFO">${span} = O e-mail é obrigatório</msg>
<status status="PASS" starttime="20210706 08:35:23.939" endtime="20210706 08:35:23.961"/>
</kw>
<msg timestamp="20210706 08:35:23.961" level="INFO">${span} = O e-mail é obrigatório</msg>
<status status="PASS" starttime="20210706 08:35:23.939" endtime="20210706 08:35:23.961"/>
</kw>
<kw name="Append To List" library="Collections">
<arg>${got_alerts}</arg>
<arg>${span}</arg>
<doc>Adds ``values`` to the end of ``list``.</doc>
<status status="PASS" starttime="20210706 08:35:23.962" endtime="20210706 08:35:23.962"/>
</kw>
<status status="PASS" starttime="20210706 08:35:23.938" endtime="20210706 08:35:23.962"/>
</iter>
<iter>
<var name="${index}">3</var>
<kw name="Get Required Alerts" library="components">
<var>${span}</var>
<arg>${index}</arg>
<kw name="Get Text" library="Browser">
<var>${span}</var>
<arg>xpath=(//form//span)[${index}]</arg>
<tag>Assertion</tag>
<tag>Getter</tag>
<tag>PageContent</tag>
<doc>Returns text attribute of the element found by ``selector``.
See the `Finding elements` section for details about the selectors.</doc>
<msg timestamp="20210706 08:35:23.985" level="INFO">${span} = idade é obrigatória</msg>
<status status="PASS" starttime="20210706 08:35:23.963" endtime="20210706 08:35:23.985"/>
</kw>
<msg timestamp="20210706 08:35:23.985" level="INFO">${span} = idade é obrigatória</msg>
<status status="PASS" starttime="20210706 08:35:23.962" endtime="20210706 08:35:23.985"/>
</kw>
<kw name="Append To List" library="Collections">
<arg>${got_alerts}</arg>
<arg>${span}</arg>
<doc>Adds ``values`` to the end of ``list``.</doc>
<status status="PASS" starttime="20210706 08:35:23.985" endtime="20210706 08:35:23.986"/>
</kw>
<status status="PASS" starttime="20210706 08:35:23.962" endtime="20210706 08:35:23.986"/>
</iter>
<iter>
<var name="${index}">4</var>
<kw name="Get Required Alerts" library="components">
<var>${span}</var>
<arg>${index}</arg>
<kw name="Get Text" library="Browser">
<var>${span}</var>
<arg>xpath=(//form//span)[${index}]</arg>
<tag>Assertion</tag>
<tag>Getter</tag>
<tag>PageContent</tag>
<doc>Returns text attribute of the element found by ``selector``.
See the `Finding elements` section for details about the selectors.</doc>
<msg timestamp="20210706 08:35:24.006" level="INFO">${span} = o peso é obrigatório</msg>
<status status="PASS" starttime="20210706 08:35:23.987" endtime="20210706 08:35:24.006"/>
</kw>
<msg timestamp="20210706 08:35:24.007" level="INFO">${span} = o peso é obrigatório</msg>
<status status="PASS" starttime="20210706 08:35:23.986" endtime="20210706 08:35:24.007"/>
</kw>
<kw name="Append To List" library="Collections">
<arg>${got_alerts}</arg>
<arg>${span}</arg>
<doc>Adds ``values`` to the end of ``list``.</doc>
<status status="PASS" starttime="20210706 08:35:24.007" endtime="20210706 08:35:24.007"/>
</kw>
<status status="PASS" starttime="20210706 08:35:23.986" endtime="20210706 08:35:24.007"/>
</iter>
<iter>
<var name="${index}">5</var>
<kw name="Get Required Alerts" library="components">
<var>${span}</var>
<arg>${index}</arg>
<kw name="Get Text" library="Browser">
<var>${span}</var>
<arg>xpath=(//form//span)[${index}]</arg>
<tag>Assertion</tag>
<tag>Getter</tag>
<tag>PageContent</tag>
<doc>Returns text attribute of the element found by ``selector``.
See the `Finding elements` section for details about the selectors.</doc>
<msg timestamp="20210706 08:35:24.028" level="INFO">${span} = a Altura é obrigatória</msg>
<status status="PASS" starttime="20210706 08:35:24.008" endtime="20210706 08:35:24.028"/>
</kw>
<msg timestamp="20210706 08:35:24.028" level="INFO">${span} = a Altura é obrigatória</msg>
<status status="PASS" starttime="20210706 08:35:24.008" endtime="20210706 08:35:24.028"/>
</kw>
<kw name="Append To List" library="Collections">
<arg>${got_alerts}</arg>
<arg>${span}</arg>
<doc>Adds ``values`` to the end of ``list``.</doc>
<status status="PASS" starttime="20210706 08:35:24.028" endtime="20210706 08:35:24.028"/>
</kw>
<status status="PASS" starttime="20210706 08:35:24.007" endtime="20210706 08:35:24.029"/>
</iter>
<status status="PASS" starttime="20210706 08:35:23.915" endtime="20210706 08:35:24.029"/>
</for>
<kw name="Log" library="BuiltIn">
<arg>${expected_alerts}</arg>
<doc>Logs the given message with the given level.</doc>
<msg timestamp="20210706 08:35:24.030" level="INFO">['Nome é obrigatório', 'O e-mail é obrigatório', 'idade é obrigatória', 'o peso é obrigatório', 'a Altura é obrigatória']</msg>
<status status="PASS" starttime="20210706 08:35:24.029" endtime="20210706 08:35:24.030"/>
</kw>
<kw name="Log" library="BuiltIn">
<arg>${got_alerts}</arg>
<doc>Logs the given message with the given level.</doc>
<msg timestamp="20210706 08:35:24.031" level="INFO">['Nome é obrigatório', 'O e-mail é obrigatório', 'idade é obrigatória', 'o peso é obrigatório', 'a Altura é obrigatória']</msg>
<status status="PASS" starttime="20210706 08:35:24.031" endtime="20210706 08:35:24.031"/>
</kw>
<kw name="Lists Should Be Equal" library="Collections">
<arg>${expected_alerts}</arg>
<arg>${got_alerts}</arg>
<doc>Fails if given lists are unequal.</doc>
<status status="PASS" starttime="20210706 08:35:24.031" endtime="20210706 08:35:24.031"/>
</kw>
<kw name="Take Screenshot" library="Browser" type="TEARDOWN">
<tag>PageContent</tag>
<doc>Takes a screenshot of the current window and saves it to ``path``. Saves it as a png.</doc>
<msg timestamp="20210706 08:35:24.172" level="INFO" html="true">&lt;/td&gt;&lt;/tr&gt;&lt;tr&gt;&lt;td colspan="3"&gt;&lt;a href="browser/screenshot/robotframework-browser-screenshot-3.png"&gt;&lt;img src="browser/screenshot/robotframework-browser-screenshot-3.png" width="800px"&gt;&lt;/a&gt;</msg>
<status status="PASS" starttime="20210706 08:35:24.033" endtime="20210706 08:35:24.172"/>
</kw>
<status status="PASS" starttime="20210706 08:35:23.733" endtime="20210706 08:35:24.174"/>
</test>
<test id="s1-s1-t4" name="Cenario: Validação dos campos numéricos">
<kw name="Check Type Field On Student Form">
<arg>${AGE_FIELD}</arg>
<arg>number</arg>
<kw name="Go To Students" library="nav">
<kw name="Click" library="Browser">
<arg>css=a[href$=alunos]</arg>
<tag>PageContent</tag>
<tag>Setter</tag>
<doc>Simulates mouse click on the element found by ``selector``.</doc>
<status status="PASS" starttime="20210706 08:35:24.189" endtime="20210706 08:35:24.234"/>
</kw>
<kw name="Wait For Elements State" library="Browser">
<arg>css=h1 &gt;&gt; text=Gestão de Alunos</arg>
<arg>visible</arg>
<arg>5</arg>
<tag>PageContent</tag>
<tag>Wait</tag>
<doc>Waits for the element found by ``selector`` to satisfy state option.</doc>
<msg timestamp="20210706 08:35:24.245" level="INFO">Wait for Element with selector: css=h1 &gt;&gt; text=Gestão de Alunos</msg>
<status status="PASS" starttime="20210706 08:35:24.234" endtime="20210706 08:35:24.246"/>
</kw>
<status status="PASS" starttime="20210706 08:35:24.189" endtime="20210706 08:35:24.246"/>
</kw>
<kw name="Go To Form Student" library="students">
<kw name="Click" library="Browser">
<arg>css=a[href$="alunos/new"]</arg>
<tag>PageContent</tag>
<tag>Setter</tag>
<doc>Simulates mouse click on the element found by ``selector``.</doc>
<status status="PASS" starttime="20210706 08:35:24.247" endtime="20210706 08:35:24.318"/>
</kw>
<kw name="Wait For Elements State" library="Browser">
<arg>css=h1 &gt;&gt; text=Novo aluno</arg>
<arg>visible</arg>
<arg>5</arg>
<tag>PageContent</tag>
<tag>Wait</tag>
<doc>Waits for the element found by ``selector`` to satisfy state option.</doc>
<msg timestamp="20210706 08:35:24.331" level="INFO">Wait for Element with selector: css=h1 &gt;&gt; text=Novo aluno</msg>
<status status="PASS" starttime="20210706 08:35:24.319" endtime="20210706 08:35:24.332"/>
</kw>
<status status="PASS" starttime="20210706 08:35:24.246" endtime="20210706 08:35:24.332"/>
</kw>
<kw name="Field Should Be Type" library="components">
<arg>${element}</arg>
<arg>${type}</arg>
<kw name="Get Attribute" library="Browser">
<var>${attr}</var>
<arg>${element}</arg>
<arg>type</arg>
<tag>Assertion</tag>
<tag>Getter</tag>
<tag>PageContent</tag>
<doc>Returns the HTML ``attribute`` of the element found by ``selector``.</doc>
<msg timestamp="20210706 08:35:24.353" level="INFO">${attr} = number</msg>
<status status="PASS" starttime="20210706 08:35:24.333" endtime="20210706 08:35:24.353"/>
</kw>
<kw name="Should Be Equal" library="BuiltIn">
<arg>${attr}</arg>
<arg>${type}</arg>
<doc>Fails if the given objects are unequal.</doc>
<status status="PASS" starttime="20210706 08:35:24.353" endtime="20210706 08:35:24.354"/>
</kw>
<status status="PASS" starttime="20210706 08:35:24.332" endtime="20210706 08:35:24.354"/>
</kw>
<status status="PASS" starttime="20210706 08:35:24.189" endtime="20210706 08:35:24.354"/>
</kw>
<kw name="Check Type Field On Student Form">
<arg>${WEIGHT_FIELD}</arg>
<arg>number</arg>
<kw name="Go To Students" library="nav">
<kw name="Click" library="Browser">
<arg>css=a[href$=alunos]</arg>
<tag>PageContent</tag>
<tag>Setter</tag>
<doc>Simulates mouse click on the element found by ``selector``.</doc>
<status status="PASS" starttime="20210706 08:35:24.356" endtime="20210706 08:35:24.399"/>
</kw>
<kw name="Wait For Elements State" library="Browser">
<arg>css=h1 &gt;&gt; text=Gestão de Alunos</arg>
<arg>visible</arg>
<arg>5</arg>
<tag>PageContent</tag>
<tag>Wait</tag>
<doc>Waits for the element found by ``selector`` to satisfy state option.</doc>
<msg timestamp="20210706 08:35:24.413" level="INFO">Wait for Element with selector: css=h1 &gt;&gt; text=Gestão de Alunos</msg>
<status status="PASS" starttime="20210706 08:35:24.399" endtime="20210706 08:35:24.413"/>
</kw>
<status status="PASS" starttime="20210706 08:35:24.355" endtime="20210706 08:35:24.413"/>
</kw>
<kw name="Go To Form Student" library="students">
<kw name="Click" library="Browser">
<arg>css=a[href$="alunos/new"]</arg>
<tag>PageContent</tag>
<tag>Setter</tag>
<doc>Simulates mouse click on the element found by ``selector``.</doc>
<status status="PASS" starttime="20210706 08:35:24.414" endtime="20210706 08:35:24.486"/>
</kw>
<kw name="Wait For Elements State" library="Browser">
<arg>css=h1 &gt;&gt; text=Novo aluno</arg>
<arg>visible</arg>
<arg>5</arg>
<tag>PageContent</tag>
<tag>Wait</tag>
<doc>Waits for the element found by ``selector`` to satisfy state option.</doc>
<msg timestamp="20210706 08:35:24.499" level="INFO">Wait for Element with selector: css=h1 &gt;&gt; text=Novo aluno</msg>
<status status="PASS" starttime="20210706 08:35:24.486" endtime="20210706 08:35:24.500"/>
</kw>
<status status="PASS" starttime="20210706 08:35:24.413" endtime="20210706 08:35:24.500"/>
</kw>
<kw name="Field Should Be Type" library="components">
<arg>${element}</arg>
<arg>${type}</arg>
<kw name="Get Attribute" library="Browser">
<var>${attr}</var>
<arg>${element}</arg>
<arg>type</arg>
<tag>Assertion</tag>
<tag>Getter</tag>
<tag>PageContent</tag>
<doc>Returns the HTML ``attribute`` of the element found by ``selector``.</doc>
<msg timestamp="20210706 08:35:24.521" level="INFO">${attr} = number</msg>
<status status="PASS" starttime="20210706 08:35:24.501" endtime="20210706 08:35:24.521"/>
</kw>
<kw name="Should Be Equal" library="BuiltIn">
<arg>${attr}</arg>
<arg>${type}</arg>
<doc>Fails if the given objects are unequal.</doc>
<status status="PASS" starttime="20210706 08:35:24.521" endtime="20210706 08:35:24.522"/>
</kw>
<status status="PASS" starttime="20210706 08:35:24.500" endtime="20210706 08:35:24.522"/>
</kw>
<status status="PASS" starttime="20210706 08:35:24.355" endtime="20210706 08:35:24.522"/>
</kw>
<kw name="Check Type Field On Student Form">
<arg>${FEET_TALL_FIELD}</arg>
<arg>number</arg>
<kw name="Go To Students" library="nav">
<kw name="Click" library="Browser">
<arg>css=a[href$=alunos]</arg>
<tag>PageContent</tag>
<tag>Setter</tag>
<doc>Simulates mouse click on the element found by ``selector``.</doc>
<status status="PASS" starttime="20210706 08:35:24.523" endtime="20210706 08:35:24.566"/>
</kw>
<kw name="Wait For Elements State" library="Browser">
<arg>css=h1 &gt;&gt; text=Gestão de Alunos</arg>
<arg>visible</arg>
<arg>5</arg>
<tag>PageContent</tag>
<tag>Wait</tag>
<doc>Waits for the element found by ``selector`` to satisfy state option.</doc>
<msg timestamp="20210706 08:35:24.580" level="INFO">Wait for Element with selector: css=h1 &gt;&gt; text=Gestão de Alunos</msg>
<status status="PASS" starttime="20210706 08:35:24.567" endtime="20210706 08:35:24.580"/>
</kw>
<status status="PASS" starttime="20210706 08:35:24.523" endtime="20210706 08:35:24.581"/>
</kw>
<kw name="Go To Form Student" library="students">
<kw name="Click" library="Browser">
<arg>css=a[href$="alunos/new"]</arg>
<tag>PageContent</tag>
<tag>Setter</tag>
<doc>Simulates mouse click on the element found by ``selector``.</doc>
<status status="PASS" starttime="20210706 08:35:24.581" endtime="20210706 08:35:24.636"/>
</kw>
<kw name="Wait For Elements State" library="Browser">
<arg>css=h1 &gt;&gt; text=Novo aluno</arg>
<arg>visible</arg>
<arg>5</arg>
<tag>PageContent</tag>
<tag>Wait</tag>
<doc>Waits for the element found by ``selector`` to satisfy state option.</doc>
<msg timestamp="20210706 08:35:24.650" level="INFO">Wait for Element with selector: css=h1 &gt;&gt; text=Novo aluno</msg>
<status status="PASS" starttime="20210706 08:35:24.637" endtime="20210706 08:35:24.650"/>
</kw>
<status status="PASS" starttime="20210706 08:35:24.581" endtime="20210706 08:35:24.650"/>
</kw>
<kw name="Field Should Be Type" library="components">
<arg>${element}</arg>
<arg>${type}</arg>
<kw name="Get Attribute" library="Browser">
<var>${attr}</var>
<arg>${element}</arg>
<arg>type</arg>
<tag>Assertion</tag>
<tag>Getter</tag>
<tag>PageContent</tag>
<doc>Returns the HTML ``attribute`` of the element found by ``selector``.</doc>
<msg timestamp="20210706 08:35:24.670" level="INFO">${attr} = number</msg>
<status status="PASS" starttime="20210706 08:35:24.651" endtime="20210706 08:35:24.671"/>
</kw>
<kw name="Should Be Equal" library="BuiltIn">
<arg>${attr}</arg>
<arg>${type}</arg>
<doc>Fails if the given objects are unequal.</doc>
<status status="PASS" starttime="20210706 08:35:24.671" endtime="20210706 08:35:24.671"/>
</kw>
<status status="PASS" starttime="20210706 08:35:24.651" endtime="20210706 08:35:24.672"/>
</kw>
<status status="PASS" starttime="20210706 08:35:24.522" endtime="20210706 08:35:24.672"/>
</kw>
<kw name="Take Screenshot" library="Browser" type="TEARDOWN">
<tag>PageContent</tag>
<doc>Takes a screenshot of the current window and saves it to ``path``. Saves it as a png.</doc>
<msg timestamp="20210706 08:35:24.805" level="INFO" html="true">&lt;/td&gt;&lt;/tr&gt;&lt;tr&gt;&lt;td colspan="3"&gt;&lt;a href="browser/screenshot/robotframework-browser-screenshot-4.png"&gt;&lt;img src="browser/screenshot/robotframework-browser-screenshot-4.png" width="800px"&gt;&lt;/a&gt;</msg>
<status status="PASS" starttime="20210706 08:35:24.673" endtime="20210706 08:35:24.805"/>
</kw>
<tag>temp</tag>
<status status="PASS" starttime="20210706 08:35:24.183" endtime="20210706 08:35:24.806"/>
</test>
<test id="s1-s1-t5" name="Cenário: Validar campo do tipo email">
<kw name="Check Type Field On Student Form">
<arg>${EMAIL_FIELD}</arg>
<arg>email</arg>
<kw name="Go To Students" library="nav">
<kw name="Click" library="Browser">
<arg>css=a[href$=alunos]</arg>
<tag>PageContent</tag>
<tag>Setter</tag>
<doc>Simulates mouse click on the element found by ``selector``.</doc>
<status status="PASS" starttime="20210706 08:35:24.822" endtime="20210706 08:35:24.867"/>
</kw>
<kw name="Wait For Elements State" library="Browser">
<arg>css=h1 &gt;&gt; text=Gestão de Alunos</arg>
<arg>visible</arg>
<arg>5</arg>
<tag>PageContent</tag>
<tag>Wait</tag>
<doc>Waits for the element found by ``selector`` to satisfy state option.</doc>
<msg timestamp="20210706 08:35:24.880" level="INFO">Wait for Element with selector: css=h1 &gt;&gt; text=Gestão de Alunos</msg>
<status status="PASS" starttime="20210706 08:35:24.867" endtime="20210706 08:35:24.880"/>
</kw>
<status status="PASS" starttime="20210706 08:35:24.822" endtime="20210706 08:35:24.881"/>
</kw>
<kw name="Go To Form Student" library="students">
<kw name="Click" library="Browser">
<arg>css=a[href$="alunos/new"]</arg>
<tag>PageContent</tag>
<tag>Setter</tag>
<doc>Simulates mouse click on the element found by ``selector``.</doc>
<status status="PASS" starttime="20210706 08:35:24.881" endtime="20210706 08:35:24.951"/>
</kw>
<kw name="Wait For Elements State" library="Browser">
<arg>css=h1 &gt;&gt; text=Novo aluno</arg>
<arg>visible</arg>
<arg>5</arg>
<tag>PageContent</tag>
<tag>Wait</tag>
<doc>Waits for the element found by ``selector`` to satisfy state option.</doc>
<msg timestamp="20210706 08:35:24.963" level="INFO">Wait for Element with selector: css=h1 &gt;&gt; text=Novo aluno</msg>
<status status="PASS" starttime="20210706 08:35:24.951" endtime="20210706 08:35:24.963"/>
</kw>
<status status="PASS" starttime="20210706 08:35:24.881" endtime="20210706 08:35:24.964"/>
</kw>
<kw name="Field Should Be Type" library="components">
<arg>${element}</arg>
<arg>${type}</arg>
<kw name="Get Attribute" library="Browser">
<var>${attr}</var>
<arg>${element}</arg>
<arg>type</arg>
<tag>Assertion</tag>
<tag>Getter</tag>
<tag>PageContent</tag>
<doc>Returns the HTML ``attribute`` of the element found by ``selector``.</doc>
<msg timestamp="20210706 08:35:24.984" level="INFO">${attr} = email</msg>
<status status="PASS" starttime="20210706 08:35:24.964" endtime="20210706 08:35:24.984"/>
</kw>
<kw name="Should Be Equal" library="BuiltIn">
<arg>${attr}</arg>
<arg>${type}</arg>
<doc>Fails if the given objects are unequal.</doc>
<status status="PASS" starttime="20210706 08:35:24.984" endtime="20210706 08:35:24.984"/>
</kw>
<status status="PASS" starttime="20210706 08:35:24.964" endtime="20210706 08:35:24.985"/>
</kw>
<status status="PASS" starttime="20210706 08:35:24.821" endtime="20210706 08:35:24.985"/>
</kw>
<kw name="Take Screenshot" library="Browser" type="TEARDOWN">
<tag>PageContent</tag>
<doc>Takes a screenshot of the current window and saves it to ``path``. Saves it as a png.</doc>
<msg timestamp="20210706 08:35:25.125" level="INFO" html="true">&lt;/td&gt;&lt;/tr&gt;&lt;tr&gt;&lt;td colspan="3"&gt;&lt;a href="browser/screenshot/robotframework-browser-screenshot-5.png"&gt;&lt;img src="browser/screenshot/robotframework-browser-screenshot-5.png" width="800px"&gt;&lt;/a&gt;</msg>
<status status="PASS" starttime="20210706 08:35:24.986" endtime="20210706 08:35:25.125"/>
</kw>
<tag>temp</tag>
<status status="PASS" starttime="20210706 08:35:24.815" endtime="20210706 08:35:25.126"/>
</test>
<test id="s1-s1-t6" name="Cenario: Menor de 14 anos não pode fazer cadastro">
<kw name="Create Dictionary" library="BuiltIn">
<var>&amp;{student}</var>
<arg>name=Livia da Silva</arg>
<arg>email=livia@yahoo.com</arg>
<arg>age=13</arg>
<arg>weight=50</arg>
<arg>feet_tall=1.65</arg>
<doc>Creates and returns a dictionary based on the given ``items``.</doc>
<msg timestamp="20210706 08:35:25.141" level="INFO">&amp;{student} = { name=Livia da Silva | email=livia@yahoo.com | age=13 | weight=50 | feet_tall=1.65 }</msg>
<status status="PASS" starttime="20210706 08:35:25.141" endtime="20210706 08:35:25.141"/>
</kw>
<kw name="Go To Students" library="nav">
<kw name="Click" library="Browser">
<arg>css=a[href$=alunos]</arg>
<tag>PageContent</tag>
<tag>Setter</tag>
<doc>Simulates mouse click on the element found by ``selector``.</doc>
<status status="PASS" starttime="20210706 08:35:25.142" endtime="20210706 08:35:25.187"/>
</kw>
<kw name="Wait For Elements State" library="Browser">
<arg>css=h1 &gt;&gt; text=Gestão de Alunos</arg>
<arg>visible</arg>
<arg>5</arg>
<tag>PageContent</tag>
<tag>Wait</tag>
<doc>Waits for the element found by ``selector`` to satisfy state option.</doc>
<msg timestamp="20210706 08:35:25.202" level="INFO">Wait for Element with selector: css=h1 &gt;&gt; text=Gestão de Alunos</msg>
<status status="PASS" starttime="20210706 08:35:25.187" endtime="20210706 08:35:25.203"/>
</kw>
<status status="PASS" starttime="20210706 08:35:25.142" endtime="20210706 08:35:25.203"/>
</kw>
<kw name="Go To Form Student" library="students">
<kw name="Click" library="Browser">
<arg>css=a[href$="alunos/new"]</arg>
<tag>PageContent</tag>
<tag>Setter</tag>
<doc>Simulates mouse click on the element found by ``selector``.</doc>
<status status="PASS" starttime="20210706 08:35:25.204" endtime="20210706 08:35:25.267"/>
</kw>
<kw name="Wait For Elements State" library="Browser">
<arg>css=h1 &gt;&gt; text=Novo aluno</arg>
<arg>visible</arg>
<arg>5</arg>
<tag>PageContent</tag>
<tag>Wait</tag>
<doc>Waits for the element found by ``selector`` to satisfy state option.</doc>
<msg timestamp="20210706 08:35:25.282" level="INFO">Wait for Element with selector: css=h1 &gt;&gt; text=Novo aluno</msg>
<status status="PASS" starttime="20210706 08:35:25.267" endtime="20210706 08:35:25.282"/>
</kw>
<status status="PASS" starttime="20210706 08:35:25.204" endtime="20210706 08:35:25.282"/>
</kw>
<kw name="New Student" library="students">
<arg>${student}</arg>
<kw name="Fill Text" library="Browser">
<arg>${NAME_FIELD}</arg>
<arg>${student.name}</arg>
<tag>PageContent</tag>
<tag>Setter</tag>
<doc>Clears and fills the given ``text`` into the text field found by ``selector``.</doc>
<msg timestamp="20210706 08:35:25.285" level="INFO">Fills the text 'Livia da Silva' in the given field.</msg>
<status status="PASS" starttime="20210706 08:35:25.284" endtime="20210706 08:35:25.311"/>
</kw>
<kw name="Fill Text" library="Browser">
<arg>${EMAIL_FIELD}</arg>
<arg>${student.email}</arg>
<tag>PageContent</tag>
<tag>Setter</tag>
<doc>Clears and fills the given ``text`` into the text field found by ``selector``.</doc>
<msg timestamp="20210706 08:35:25.313" level="INFO">Fills the text 'livia@yahoo.com' in the given field.</msg>
<status status="PASS" starttime="20210706 08:35:25.311" endtime="20210706 08:35:25.333"/>
</kw>
<kw name="Fill Text" library="Browser">
<arg>${AGE_FIELD}</arg>
<arg>${student.age}</arg>
<tag>PageContent</tag>
<tag>Setter</tag>
<doc>Clears and fills the given ``text`` into the text field found by ``selector``.</doc>
<msg timestamp="20210706 08:35:25.334" level="INFO">Fills the text '13' in the given field.</msg>
<status status="PASS" starttime="20210706 08:35:25.333" endtime="20210706 08:35:25.353"/>
</kw>
<kw name="Fill Text" library="Browser">
<arg>${WEIGHT_FIELD}</arg>
<arg>${student.weight}</arg>
<tag>PageContent</tag>
<tag>Setter</tag>
<doc>Clears and fills the given ``text`` into the text field found by ``selector``.</doc>
<msg timestamp="20210706 08:35:25.354" level="INFO">Fills the text '50' in the given field.</msg>
<status status="PASS" starttime="20210706 08:35:25.354" endtime="20210706 08:35:25.372"/>
</kw>
<kw name="Fill Text" library="Browser">
<arg>${FEET_TALL_FIELD}</arg>
<arg>${student.feet_tall}</arg>
<tag>PageContent</tag>
<tag>Setter</tag>
<doc>Clears and fills the given ``text`` into the text field found by ``selector``.</doc>
<msg timestamp="20210706 08:35:25.373" level="INFO">Fills the text '1.65' in the given field.</msg>
<status status="PASS" starttime="20210706 08:35:25.372" endtime="20210706 08:35:25.391"/>
</kw>
<kw name="Submit Studend Form" library="students">
<kw name="Click" library="Browser">
<arg>xpath=//button[contains(text(), "Salvar")]</arg>
<tag>PageContent</tag>
<tag>Setter</tag>
<doc>Simulates mouse click on the element found by ``selector``.</doc>
<status status="PASS" starttime="20210706 08:35:25.391" endtime="20210706 08:35:25.440"/>
</kw>
<status status="PASS" starttime="20210706 08:35:25.391" endtime="20210706 08:35:25.441"/>
</kw>
<status status="PASS" starttime="20210706 08:35:25.283" endtime="20210706 08:35:25.441"/>
</kw>
<kw name="Alert Text Should Be" library="components">
<arg>A idade deve ser maior ou igual 14 anos</arg>
<kw name="Wait For Elements State" library="Browser">
<arg>css=form span &gt;&gt; text=${expect_text}</arg>
<arg>visible</arg>
<arg>5</arg>
<tag>PageContent</tag>
<tag>Wait</tag>
<doc>Waits for the element found by ``selector`` to satisfy state option.</doc>
<msg timestamp="20210706 08:35:25.454" level="INFO">Wait for Element with selector: css=form span &gt;&gt; text=A idade deve ser maior ou igual 14 anos</msg>
<status status="PASS" starttime="20210706 08:35:25.442" endtime="20210706 08:35:25.454"/>
</kw>
<status status="PASS" starttime="20210706 08:35:25.442" endtime="20210706 08:35:25.454"/>
</kw>
<kw name="Take Screenshot" library="Browser" type="TEARDOWN">
<tag>PageContent</tag>
<doc>Takes a screenshot of the current window and saves it to ``path``. Saves it as a png.</doc>
<msg timestamp="20210706 08:35:25.585" level="INFO" html="true">&lt;/td&gt;&lt;/tr&gt;&lt;tr&gt;&lt;td colspan="3"&gt;&lt;a href="browser/screenshot/robotframework-browser-screenshot-6.png"&gt;&lt;img src="browser/screenshot/robotframework-browser-screenshot-6.png" width="800px"&gt;&lt;/a&gt;</msg>
<status status="PASS" starttime="20210706 08:35:25.455" endtime="20210706 08:35:25.585"/>
</kw>
<status status="PASS" starttime="20210706 08:35:25.134" endtime="20210706 08:35:25.586"/>
</test>
<doc>Cadastro de alunos</doc>
<status status="FAIL" starttime="20210706 08:35:02.316" endtime="20210706 08:35:25.594"/>
</suite>
<suite id="s1-s2" name="Remove" source="C:\Projetos\robotexpert\bodytest\tests\students\remove.robot">
<test id="s1-s2-t1" name="Cenario: Remover aluno cadastrado">
<kw name="Start Admin Session" library="base" type="SETUP">
<kw name="Start Browser Session" library="base">
<kw name="New Browser" library="Browser">
<arg>chromium</arg>
<arg>False</arg>
<tag>BrowserControl</tag>
<tag>Setter</tag>
<doc>Create a new playwright Browser with specified options.
See `Browser, Context and Page` for more information about Browser and related concepts.</doc>
<msg timestamp="20210706 08:35:25.726" level="INFO">{"browser": "chromium", "headless": false, "handleSIGINT": true, "handleSIGTERM": true, "handleSIGHUP": true, "timeout": 30000.0, "devtools": false, "slowMo": 0.0}</msg>
<msg timestamp="20210706 08:35:26.083" level="INFO">Successfully created browser with options: {"browser":"chromium","headless":false,"handleSIGINT":true,"handleSIGTERM":true,"handleSIGHUP":true,"timeout":30000,"devtools":false,"slowMo":0}</msg>
<status status="PASS" starttime="20210706 08:35:25.725" endtime="20210706 08:35:26.086"/>
</kw>
<kw name="New Page" library="Browser">
<arg>about:blank</arg>
<tag>BrowserControl</tag>
<tag>Setter</tag>
<doc>Open a new Page. A Page is the Playwright equivalent to a tab.
See `Browser, Context and Page` for more information about Page concept.
Returns a stable identifier for the created page.</doc>
<msg timestamp="20210706 08:35:26.373" level="INFO">Successfully initialized new page object and opened url: about:blank</msg>
<status status="PASS" starttime="20210706 08:35:26.087" endtime="20210706 08:35:26.374"/>
</kw>
<status status="PASS" starttime="20210706 08:35:25.725" endtime="20210706 08:35:26.374"/>
</kw>
<kw name="Go To Login Page" library="auth">
<kw name="Go To" library="Browser">
<arg>https://bodytest-web-rafaelcbc.herokuapp.com/</arg>
<tag>BrowserControl</tag>
<tag>Setter</tag>
<doc>Navigates to the given ``url``.</doc>
<msg timestamp="20210706 08:35:28.678" level="INFO">Succesfully opened URL https://bodytest-web-rafaelcbc.herokuapp.com/</msg>
<status status="PASS" starttime="20210706 08:35:26.375" endtime="20210706 08:35:28.679"/>
</kw>
<status status="PASS" starttime="20210706 08:35:26.374" endtime="20210706 08:35:28.680"/>
</kw>
<kw name="Login With" library="auth">
<arg>admin@bodytest.com</arg>
<arg>pwd123</arg>
<kw name="Fill Text" library="Browser">
<arg>css=input[name=email]</arg>
<arg>${email}</arg>
<tag>PageContent</tag>
<tag>Setter</tag>
<doc>Clears and fills the given ``text`` into the text field found by ``selector``.</doc>
<msg timestamp="20210706 08:35:28.684" level="INFO">Fills the text 'admin@bodytest.com' in the given field.</msg>
<status status="PASS" starttime="20210706 08:35:28.682" endtime="20210706 08:35:28.754"/>
</kw>
<kw name="Fill Text" library="Browser">
<arg>css=input[name=password]</arg>
<arg>${pass}</arg>
<tag>PageContent</tag>
<tag>Setter</tag>
<doc>Clears and fills the given ``text`` into the text field found by ``selector``.</doc>
<msg timestamp="20210706 08:35:28.755" level="INFO">Fills the text 'pwd123' in the given field.</msg>
<status status="PASS" starttime="20210706 08:35:28.755" endtime="20210706 08:35:28.822"/>
</kw>
<kw name="Click" library="Browser">
<arg>text=Entrar</arg>
<tag>PageContent</tag>
<tag>Setter</tag>
<doc>Simulates mouse click on the element found by ``selector``.</doc>
<status status="PASS" starttime="20210706 08:35:28.822" endtime="20210706 08:35:28.933"/>
</kw>
<status status="PASS" starttime="20210706 08:35:28.680" endtime="20210706 08:35:28.934"/>
</kw>
<kw name="User Should Be Logged In" library="nav">
<arg>Administrador</arg>
<kw name="Get Text" library="Browser">
<arg>css=aside strong</arg>
<arg>should be</arg>
<arg>${user_name}</arg>
<tag>Assertion</tag>
<tag>Getter</tag>
<tag>PageContent</tag>
<doc>Returns text attribute of the element found by ``selector``.
See the `Finding elements` section for details about the selectors.</doc>
<status status="PASS" starttime="20210706 08:35:28.935" endtime="20210706 08:35:29.859"/>
</kw>
<status status="PASS" starttime="20210706 08:35:28.934" endtime="20210706 08:35:29.859"/>
</kw>
<status status="PASS" starttime="20210706 08:35:25.725" endtime="20210706 08:35:29.859"/>
</kw>
<kw name="Create Dictionary" library="BuiltIn">
<var>&amp;{student}</var>
<arg>name=Robert Pattinson</arg>
<arg>email=batman@dc.com</arg>
<arg>age=27</arg>
<arg>weight=70</arg>
<arg>feet_tall=1.80</arg>
<doc>Creates and returns a dictionary based on the given ``items``.</doc>
<msg timestamp="20210706 08:35:29.862" level="INFO">&amp;{student} = { name=Robert Pattinson | email=batman@dc.com | age=27 | weight=70 | feet_tall=1.80 }</msg>
<status status="PASS" starttime="20210706 08:35:29.861" endtime="20210706 08:35:29.862"/>
</kw>
<kw name="Insert Student" library="DeloreanLibrary">
<arg>${student}</arg>
<msg timestamp="20210706 08:35:29.864" level="INFO">delete from students where email = 'batman@dc.com'</msg>
<msg timestamp="20210706 08:35:31.242" level="INFO">insert into students (name, email, age, weight, feet_tall,created_at,updated_at)values('Robert Pattinson','batman@dc.com',27,70,1.80,NOW(),NOW());</msg>
<status status="PASS" starttime="20210706 08:35:29.863" endtime="20210706 08:35:32.696"/>
</kw>
<kw name="Go To Students" library="nav">
<kw name="Click" library="Browser">
<arg>css=a[href$=alunos]</arg>
<tag>PageContent</tag>
<tag>Setter</tag>
<doc>Simulates mouse click on the element found by ``selector``.</doc>
<status status="PASS" starttime="20210706 08:35:32.698" endtime="20210706 08:35:32.766"/>
</kw>
<kw name="Wait For Elements State" library="Browser">
<arg>css=h1 &gt;&gt; text=Gestão de Alunos</arg>
<arg>visible</arg>
<arg>5</arg>
<tag>PageContent</tag>
<tag>Wait</tag>
<doc>Waits for the element found by ``selector`` to satisfy state option.</doc>
<msg timestamp="20210706 08:35:32.780" level="INFO">Wait for Element with selector: css=h1 &gt;&gt; text=Gestão de Alunos</msg>
<status status="PASS" starttime="20210706 08:35:32.766" endtime="20210706 08:35:32.780"/>
</kw>
<status status="PASS" starttime="20210706 08:35:32.697" endtime="20210706 08:35:32.781"/>
</kw>
<kw name="Search Student By Name" library="students">
<arg>${student.name}</arg>
<kw name="Fill Text" library="Browser">
<arg>css=input[placeholder="Buscar aluno"]</arg>
<arg>${name}</arg>
<tag>PageContent</tag>
<tag>Setter</tag>
<doc>Clears and fills the given ``text`` into the text field found by ``selector``.</doc>
<msg timestamp="20210706 08:35:32.783" level="INFO">Fills the text 'Robert Pattinson' in the given field.</msg>
<status status="PASS" starttime="20210706 08:35:32.783" endtime="20210706 08:35:32.803"/>
</kw>
<status status="PASS" starttime="20210706 08:35:32.782" endtime="20210706 08:35:32.803"/>
</kw>
<kw name="Request Removal By Email" library="students">
<arg>${student.email}</arg>
<kw name="Click" library="Browser">
<arg>xpath=//td[contains(text(), "${email}")]/../td//button[@id="trash"]</arg>
<tag>PageContent</tag>
<tag>Setter</tag>
<doc>Simulates mouse click on the element found by ``selector``.</doc>
<msg timestamp="20210706 08:35:42.935" level="INFO" html="true">&lt;/td&gt;&lt;/tr&gt;&lt;tr&gt;&lt;td colspan="3"&gt;&lt;a href="Cenario_Remover_aluno_cadastrado_FAILURE_SCREENSHOT_1.png"&gt;&lt;img src="Cenario_Remover_aluno_cadastrado_FAILURE_SCREENSHOT_1.png" width="800px"&gt;&lt;/a&gt;</msg>
<msg timestamp="20210706 08:35:42.951" level="FAIL">TimeoutError: page.click: Timeout 10000ms exceeded.
=========================== logs ===========================
waiting for selector "xpath=//td[contains(text(), "batman@dc.com")]/../td//button[@id="trash"]"
============================================================
Note: use DEBUG=pw:api environment variable to capture Playwright logs.</msg>
<status status="FAIL" starttime="20210706 08:35:32.805" endtime="20210706 08:35:42.951"/>
</kw>
<status status="FAIL" starttime="20210706 08:35:32.804" endtime="20210706 08:35:42.952"/>
</kw>
<kw name="Confirm Removal" library="students">
<status status="NOT RUN" starttime="20210706 08:35:42.953" endtime="20210706 08:35:42.953"/>
</kw>
<kw name="Toaster Text Should Be" library="components">
<arg>Aluno removido com sucesso.</arg>
<status status="NOT RUN" starttime="20210706 08:35:42.954" endtime="20210706 08:35:42.954"/>
</kw>
<kw name="Student Should Not Visible" library="students">
<arg>${student.email}</arg>
<status status="NOT RUN" starttime="20210706 08:35:42.954" endtime="20210706 08:35:42.954"/>
</kw>
<kw name="Thinking And Take Screenshot" library="base" type="TEARDOWN">
<arg>2</arg>
<kw name="Sleep" library="BuiltIn">
<arg>${timeout}</arg>
<doc>Pauses the test executed for the given time.</doc>
<msg timestamp="20210706 08:35:44.965" level="INFO">Slept 2 seconds</msg>
<status status="PASS" starttime="20210706 08:35:42.956" endtime="20210706 08:35:44.965"/>
</kw>
<kw name="Take Screenshot" library="Browser">
<tag>PageContent</tag>
<doc>Takes a screenshot of the current window and saves it to ``path``. Saves it as a png.</doc>
<msg timestamp="20210706 08:35:45.090" level="INFO" html="true">&lt;/td&gt;&lt;/tr&gt;&lt;tr&gt;&lt;td colspan="3"&gt;&lt;a href="browser/screenshot/robotframework-browser-screenshot-7.png"&gt;&lt;img src="browser/screenshot/robotframework-browser-screenshot-7.png" width="800px"&gt;&lt;/a&gt;</msg>
<status status="PASS" starttime="20210706 08:35:44.966" endtime="20210706 08:35:45.090"/>
</kw>
<status status="PASS" starttime="20210706 08:35:42.956" endtime="20210706 08:35:45.090"/>
</kw>
<status status="FAIL" starttime="20210706 08:35:25.719" endtime="20210706 08:35:45.091">TimeoutError: page.click: Timeout 10000ms exceeded.
=========================== logs ===========================
waiting for selector "xpath=//td[contains(text(), "batman@dc.com")]/../td//button[@id="trash"]"
============================================================
Note: use DEBUG=pw:api environment variable to capture Playwright logs.</status>
</test>
<test id="s1-s2-t2" name="Cenario: Desistir da exclusão">
<kw name="Start Admin Session" library="base" type="SETUP">
<kw name="Start Browser Session" library="base">
<kw name="New Browser" library="Browser">
<arg>chromium</arg>
<arg>False</arg>
<tag>BrowserControl</tag>
<tag>Setter</tag>
<doc>Create a new playwright Browser with specified options.
See `Browser, Context and Page` for more information about Browser and related concepts.</doc>
<msg timestamp="20210706 08:35:45.197" level="INFO">{"browser": "chromium", "headless": false, "handleSIGINT": true, "handleSIGTERM": true, "handleSIGHUP": true, "timeout": 30000.0, "devtools": false, "slowMo": 0.0}</msg>
<msg timestamp="20210706 08:35:45.521" level="INFO">Successfully created browser with options: {"browser":"chromium","headless":false,"handleSIGINT":true,"handleSIGTERM":true,"handleSIGHUP":true,"timeout":30000,"devtools":false,"slowMo":0}</msg>
<status status="PASS" starttime="20210706 08:35:45.196" endtime="20210706 08:35:45.522"/>
</kw>
<kw name="New Page" library="Browser">
<arg>about:blank</arg>
<tag>BrowserControl</tag>
<tag>Setter</tag>
<doc>Open a new Page. A Page is the Playwright equivalent to a tab.
See `Browser, Context and Page` for more information about Page concept.
Returns a stable identifier for the created page.</doc>
<msg timestamp="20210706 08:35:45.877" level="INFO">Successfully initialized new page object and opened url: about:blank</msg>
<status status="PASS" starttime="20210706 08:35:45.523" endtime="20210706 08:35:45.877"/>
</kw>
<status status="PASS" starttime="20210706 08:35:45.195" endtime="20210706 08:35:45.877"/>
</kw>
<kw name="Go To Login Page" library="auth">
<kw name="Go To" library="Browser">
<arg>https://bodytest-web-rafaelcbc.herokuapp.com/</arg>
<tag>BrowserControl</tag>
<tag>Setter</tag>
<doc>Navigates to the given ``url``.</doc>
<msg timestamp="20210706 08:35:48.209" level="INFO">Succesfully opened URL https://bodytest-web-rafaelcbc.herokuapp.com/</msg>
<status status="PASS" starttime="20210706 08:35:45.878" endtime="20210706 08:35:48.209"/>
</kw>
<status status="PASS" starttime="20210706 08:35:45.878" endtime="20210706 08:35:48.210"/>
</kw>
<kw name="Login With" library="auth">
<arg>admin@bodytest.com</arg>
<arg>pwd123</arg>
<kw name="Fill Text" library="Browser">
<arg>css=input[name=email]</arg>
<arg>${email}</arg>
<tag>PageContent</tag>
<tag>Setter</tag>
<doc>Clears and fills the given ``text`` into the text field found by ``selector``.</doc>
<msg timestamp="20210706 08:35:48.211" level="INFO">Fills the text 'admin@bodytest.com' in the given field.</msg>
<status status="PASS" starttime="20210706 08:35:48.211" endtime="20210706 08:35:48.247"/>
</kw>
<kw name="Fill Text" library="Browser">
<arg>css=input[name=password]</arg>
<arg>${pass}</arg>
<tag>PageContent</tag>
<tag>Setter</tag>
<doc>Clears and fills the given ``text`` into the text field found by ``selector``.</doc>
<msg timestamp="20210706 08:35:48.247" level="INFO">Fills the text 'pwd123' in the given field.</msg>
<status status="PASS" starttime="20210706 08:35:48.247" endtime="20210706 08:35:48.268"/>
</kw>
<kw name="Click" library="Browser">
<arg>text=Entrar</arg>
<tag>PageContent</tag>
<tag>Setter</tag>
<doc>Simulates mouse click on the element found by ``selector``.</doc>
<status status="PASS" starttime="20210706 08:35:48.268" endtime="20210706 08:35:48.326"/>
</kw>
<status status="PASS" starttime="20210706 08:35:48.210" endtime="20210706 08:35:48.326"/>
</kw>
<kw name="User Should Be Logged In" library="nav">
<arg>Administrador</arg>
<kw name="Get Text" library="Browser">
<arg>css=aside strong</arg>
<arg>should be</arg>
<arg>${user_name}</arg>
<tag>Assertion</tag>
<tag>Getter</tag>
<tag>PageContent</tag>
<doc>Returns text attribute of the element found by ``selector``.
See the `Finding elements` section for details about the selectors.</doc>
<status status="PASS" starttime="20210706 08:35:48.327" endtime="20210706 08:35:49.232"/>
</kw>
<status status="PASS" starttime="20210706 08:35:48.327" endtime="20210706 08:35:49.232"/>
</kw>
<status status="PASS" starttime="20210706 08:35:45.195" endtime="20210706 08:35:49.233"/>
</kw>
<kw name="Create Dictionary" library="BuiltIn">
<var>&amp;{student}</var>
<arg>name=Robert Downey Jr</arg>
<arg>email=ironman@marvel.com</arg>
<arg>age=27</arg>
<arg>weight=70</arg>
<arg>feet_tall=1.80</arg>
<doc>Creates and returns a dictionary based on the given ``items``.</doc>
<msg timestamp="20210706 08:35:49.234" level="INFO">&amp;{student} = { name=Robert Downey Jr | email=ironman@marvel.com | age=27 | weight=70 | feet_tall=1.80 }</msg>
<status status="PASS" starttime="20210706 08:35:49.233" endtime="20210706 08:35:49.234"/>
</kw>
<kw name="Insert Student" library="DeloreanLibrary">
<arg>${student}</arg>
<msg timestamp="20210706 08:35:49.235" level="INFO">delete from students where email = 'ironman@marvel.com'</msg>
<msg timestamp="20210706 08:35:50.557" level="INFO">insert into students (name, email, age, weight, feet_tall,created_at,updated_at)values('Robert Downey Jr','ironman@marvel.com',27,70,1.80,NOW(),NOW());</msg>
<status status="PASS" starttime="20210706 08:35:49.235" endtime="20210706 08:35:51.862"/>
</kw>
<kw name="Go To Students" library="nav">
<kw name="Click" library="Browser">
<arg>css=a[href$=alunos]</arg>
<tag>PageContent</tag>
<tag>Setter</tag>
<doc>Simulates mouse click on the element found by ``selector``.</doc>
<status status="PASS" starttime="20210706 08:35:51.863" endtime="20210706 08:35:51.938"/>
</kw>
<kw name="Wait For Elements State" library="Browser">
<arg>css=h1 &gt;&gt; text=Gestão de Alunos</arg>
<arg>visible</arg>
<arg>5</arg>
<tag>PageContent</tag>
<tag>Wait</tag>
<doc>Waits for the element found by ``selector`` to satisfy state option.</doc>
<msg timestamp="20210706 08:35:51.954" level="INFO">Wait for Element with selector: css=h1 &gt;&gt; text=Gestão de Alunos</msg>
<status status="PASS" starttime="20210706 08:35:51.938" endtime="20210706 08:35:51.954"/>
</kw>
<status status="PASS" starttime="20210706 08:35:51.862" endtime="20210706 08:35:51.955"/>
</kw>
<kw name="Search Student By Name" library="students">
<arg>${student.name}</arg>
<kw name="Fill Text" library="Browser">
<arg>css=input[placeholder="Buscar aluno"]</arg>
<arg>${name}</arg>
<tag>PageContent</tag>
<tag>Setter</tag>
<doc>Clears and fills the given ``text`` into the text field found by ``selector``.</doc>
<msg timestamp="20210706 08:35:51.957" level="INFO">Fills the text 'Robert Downey Jr' in the given field.</msg>
<status status="PASS" starttime="20210706 08:35:51.956" endtime="20210706 08:35:51.976"/>
</kw>
<status status="PASS" starttime="20210706 08:35:51.955" endtime="20210706 08:35:51.976"/>
</kw>
<kw name="Request Removal By Email" library="students">
<arg>${student.email}</arg>
<kw name="Click" library="Browser">
<arg>xpath=//td[contains(text(), "${email}")]/../td//button[@id="trash"]</arg>
<tag>PageContent</tag>
<tag>Setter</tag>
<doc>Simulates mouse click on the element found by ``selector``.</doc>
<msg timestamp="20210706 08:36:02.126" level="INFO" html="true">&lt;/td&gt;&lt;/tr&gt;&lt;tr&gt;&lt;td colspan="3"&gt;&lt;a href="Cenario_Desistir_da_excluso_FAILURE_SCREENSHOT_1.png"&gt;&lt;img src="Cenario_Desistir_da_excluso_FAILURE_SCREENSHOT_1.png" width="800px"&gt;&lt;/a&gt;</msg>
<msg timestamp="20210706 08:36:02.127" level="FAIL">TimeoutError: page.click: Timeout 10000ms exceeded.
=========================== logs ===========================
waiting for selector "xpath=//td[contains(text(), "ironman@marvel.com")]/../td//button[@id="trash"]"
============================================================
Note: use DEBUG=pw:api environment variable to capture Playwright logs.</msg>
<status status="FAIL" starttime="20210706 08:35:51.978" endtime="20210706 08:36:02.127"/>
</kw>
<status status="FAIL" starttime="20210706 08:35:51.977" endtime="20210706 08:36:02.127"/>
</kw>
<kw name="Cancel Removal" library="students">
<status status="NOT RUN" starttime="20210706 08:36:02.128" endtime="20210706 08:36:02.128"/>
</kw>
<kw name="Student Should Be Visible" library="students">
<arg>${student.email}</arg>
<status status="NOT RUN" starttime="20210706 08:36:02.129" endtime="20210706 08:36:02.129"/>
</kw>
<kw name="Take Screenshot" library="Browser" type="TEARDOWN">
<tag>PageContent</tag>
<doc>Takes a screenshot of the current window and saves it to ``path``. Saves it as a png.</doc>
<msg timestamp="20210706 08:36:02.267" level="INFO" html="true">&lt;/td&gt;&lt;/tr&gt;&lt;tr&gt;&lt;td colspan="3"&gt;&lt;a href="browser/screenshot/robotframework-browser-screenshot-8.png"&gt;&lt;img src="browser/screenshot/robotframework-browser-screenshot-8.png" width="800px"&gt;&lt;/a&gt;</msg>
<status status="PASS" starttime="20210706 08:36:02.130" endtime="20210706 08:36:02.267"/>
</kw>
<status status="FAIL" starttime="20210706 08:35:45.186" endtime="20210706 08:36:02.270">TimeoutError: page.click: Timeout 10000ms exceeded.
=========================== logs ===========================
waiting for selector "xpath=//td[contains(text(), "ironman@marvel.com")]/../td//button[@id="trash"]"
============================================================
Note: use DEBUG=pw:api environment variable to capture Playwright logs.</status>
</test>
<doc>Remover Alunos</doc>
<status status="FAIL" starttime="20210706 08:35:25.700" endtime="20210706 08:36:02.363"/>
</suite>
<suite id="s1-s3" name="Search" source="C:\Projetos\robotexpert\bodytest\tests\students\search.robot">
<kw name="Start Admin Session" library="base" type="SETUP">
<kw name="Start Browser Session" library="base">
<kw name="New Browser" library="Browser">
<arg>chromium</arg>
<arg>False</arg>
<tag>BrowserControl</tag>
<tag>Setter</tag>
<doc>Create a new playwright Browser with specified options.
See `Browser, Context and Page` for more information about Browser and related concepts.</doc>
<msg timestamp="20210706 08:36:02.386" level="INFO">{"browser": "chromium", "headless": false, "handleSIGINT": true, "handleSIGTERM": true, "handleSIGHUP": true, "timeout": 30000.0, "devtools": false, "slowMo": 0.0}</msg>
<msg timestamp="20210706 08:36:02.718" level="INFO">Successfully created browser with options: {"browser":"chromium","headless":false,"handleSIGINT":true,"handleSIGTERM":true,"handleSIGHUP":true,"timeout":30000,"devtools":false,"slowMo":0}</msg>
<status status="PASS" starttime="20210706 08:36:02.386" endtime="20210706 08:36:02.722"/>
</kw>
<kw name="New Page" library="Browser">
<arg>about:blank</arg>
<tag>BrowserControl</tag>
<tag>Setter</tag>
<doc>Open a new Page. A Page is the Playwright equivalent to a tab.
See `Browser, Context and Page` for more information about Page concept.
Returns a stable identifier for the created page.</doc>
<msg timestamp="20210706 08:36:03.045" level="INFO">Successfully initialized new page object and opened url: about:blank</msg>
<status status="PASS" starttime="20210706 08:36:02.722" endtime="20210706 08:36:03.046"/>
</kw>
<status status="PASS" starttime="20210706 08:36:02.385" endtime="20210706 08:36:03.046"/>
</kw>
<kw name="Go To Login Page" library="auth">
<kw name="Go To" library="Browser">
<arg>https://bodytest-web-rafaelcbc.herokuapp.com/</arg>
<tag>BrowserControl</tag>
<tag>Setter</tag>
<doc>Navigates to the given ``url``.</doc>
<msg timestamp="20210706 08:36:05.231" level="INFO">Succesfully opened URL https://bodytest-web-rafaelcbc.herokuapp.com/</msg>
<status status="PASS" starttime="20210706 08:36:03.047" endtime="20210706 08:36:05.232"/>
</kw>
<status status="PASS" starttime="20210706 08:36:03.046" endtime="20210706 08:36:05.233"/>
</kw>
<kw name="Login With" library="auth">
<arg>admin@bodytest.com</arg>
<arg>pwd123</arg>
<kw name="Fill Text" library="Browser">
<arg>css=input[name=email]</arg>
<arg>${email}</arg>
<tag>PageContent</tag>
<tag>Setter</tag>
<doc>Clears and fills the given ``text`` into the text field found by ``selector``.</doc>
<msg timestamp="20210706 08:36:05.234" level="INFO">Fills the text 'admin@bodytest.com' in the given field.</msg>
<status status="PASS" starttime="20210706 08:36:05.233" endtime="20210706 08:36:05.270"/>
</kw>
<kw name="Fill Text" library="Browser">
<arg>css=input[name=password]</arg>
<arg>${pass}</arg>
<tag>PageContent</tag>
<tag>Setter</tag>
<doc>Clears and fills the given ``text`` into the text field found by ``selector``.</doc>
<msg timestamp="20210706 08:36:05.271" level="INFO">Fills the text 'pwd123' in the given field.</msg>
<status status="PASS" starttime="20210706 08:36:05.270" endtime="20210706 08:36:05.290"/>
</kw>
<kw name="Click" library="Browser">
<arg>text=Entrar</arg>
<tag>PageContent</tag>
<tag>Setter</tag>
<doc>Simulates mouse click on the element found by ``selector``.</doc>
<status status="PASS" starttime="20210706 08:36:05.291" endtime="20210706 08:36:05.358"/>
</kw>
<status status="PASS" starttime="20210706 08:36:05.233" endtime="20210706 08:36:05.358"/>
</kw>
<kw name="User Should Be Logged In" library="nav">
<arg>Administrador</arg>
<kw name="Get Text" library="Browser">
<arg>css=aside strong</arg>
<arg>should be</arg>
<arg>${user_name}</arg>
<tag>Assertion</tag>
<tag>Getter</tag>
<tag>PageContent</tag>
<doc>Returns text attribute of the element found by ``selector``.
See the `Finding elements` section for details about the selectors.</doc>
<status status="PASS" starttime="20210706 08:36:05.359" endtime="20210706 08:36:06.254"/>
</kw>
<status status="PASS" starttime="20210706 08:36:05.358" endtime="20210706 08:36:06.255"/>
</kw>
<status status="PASS" starttime="20210706 08:36:02.385" endtime="20210706 08:36:06.255"/>
</kw>
<test id="s1-s3-t1" name="Cenario: Busca exata">
<kw name="Create Dictionary" library="BuiltIn">
<var>&amp;{student}</var>
<arg>name=Steve Jobs</arg>
<arg>email=jobs@apple.com</arg>
<arg>age=45</arg>
<arg>weight=80</arg>
<arg>feet_tall=1.80</arg>
<doc>Creates and returns a dictionary based on the given ``items``.</doc>
<msg timestamp="20210706 08:36:06.270" level="INFO">&amp;{student} = { name=Steve Jobs | email=jobs@apple.com | age=45 | weight=80 | feet_tall=1.80 }</msg>
<status status="PASS" starttime="20210706 08:36:06.269" endtime="20210706 08:36:06.270"/>
</kw>
<kw name="Remove Student By Name" library="DeloreanLibrary">
<arg>${student.name}</arg>
<msg timestamp="20210706 08:36:06.273" level="INFO">delete from students where name LIKE '%Steve Jobs%'</msg>
<status status="PASS" starttime="20210706 08:36:06.271" endtime="20210706 08:36:07.594"/>
</kw>
<kw name="Insert Student" library="DeloreanLibrary">
<arg>${student}</arg>
<msg timestamp="20210706 08:36:07.596" level="INFO">delete from students where email = 'jobs@apple.com'</msg>
<msg timestamp="20210706 08:36:09.002" level="INFO">insert into students (name, email, age, weight, feet_tall,created_at,updated_at)values('Steve Jobs','jobs@apple.com',45,80,1.80,NOW(),NOW());</msg>
<status status="PASS" starttime="20210706 08:36:07.595" endtime="20210706 08:36:10.381"/>
</kw>
<kw name="Go To Students" library="nav">
<kw name="Click" library="Browser">
<arg>css=a[href$=alunos]</arg>
<tag>PageContent</tag>
<tag>Setter</tag>
<doc>Simulates mouse click on the element found by ``selector``.</doc>
<status status="PASS" starttime="20210706 08:36:10.382" endtime="20210706 08:36:10.452"/>
</kw>
<kw name="Wait For Elements State" library="Browser">
<arg>css=h1 &gt;&gt; text=Gestão de Alunos</arg>
<arg>visible</arg>
<arg>5</arg>
<tag>PageContent</tag>
<tag>Wait</tag>
<doc>Waits for the element found by ``selector`` to satisfy state option.</doc>
<msg timestamp="20210706 08:36:10.466" level="INFO">Wait for Element with selector: css=h1 &gt;&gt; text=Gestão de Alunos</msg>
<status status="PASS" starttime="20210706 08:36:10.452" endtime="20210706 08:36:10.466"/>
</kw>
<status status="PASS" starttime="20210706 08:36:10.382" endtime="20210706 08:36:10.467"/>
</kw>
<kw name="Search Student By Name" library="students">
<arg>${student.name}</arg>
<kw name="Fill Text" library="Browser">
<arg>css=input[placeholder="Buscar aluno"]</arg>
<arg>${name}</arg>
<tag>PageContent</tag>
<tag>Setter</tag>
<doc>Clears and fills the given ``text`` into the text field found by ``selector``.</doc>
<msg timestamp="20210706 08:36:10.469" level="INFO">Fills the text 'Steve Jobs' in the given field.</msg>
<status status="PASS" starttime="20210706 08:36:10.469" endtime="20210706 08:36:10.489"/>
</kw>
<status status="PASS" starttime="20210706 08:36:10.468" endtime="20210706 08:36:10.490"/>
</kw>
<kw name="Student Name Should Be Visible" library="students">
<arg>${student.name}</arg>
<kw name="Wait For Elements State" library="Browser">
<arg>css=table tbody tr &gt;&gt; text=${name}</arg>
<arg>visible</arg>
<arg>5</arg>
<tag>PageContent</tag>
<tag>Wait</tag>
<doc>Waits for the element found by ``selector`` to satisfy state option.</doc>
<msg timestamp="20210706 08:36:15.633" level="INFO" html="true">&lt;/td&gt;&lt;/tr&gt;&lt;tr&gt;&lt;td colspan="3"&gt;&lt;a href="Cenario_Busca_exata_FAILURE_SCREENSHOT_1.png"&gt;&lt;img src="Cenario_Busca_exata_FAILURE_SCREENSHOT_1.png" width="800px"&gt;&lt;/a&gt;</msg>
<msg timestamp="20210706 08:36:15.634" level="FAIL">TimeoutError: page.waitForSelector: Timeout 5000ms exceeded.
=========================== logs ===========================
waiting for selector "css=table tbody tr &gt;&gt; text=Steve Jobs" to be visible
============================================================
Note: use DEBUG=pw:api environment variable to capture Playwright logs.</msg>
<status status="FAIL" starttime="20210706 08:36:10.492" endtime="20210706 08:36:15.634"/>
</kw>
<status status="FAIL" starttime="20210706 08:36:10.490" endtime="20210706 08:36:15.634"/>
</kw>
<kw name="Total Items Should Be" library="components">
<arg>1</arg>
<status status="NOT RUN" starttime="20210706 08:36:15.635" endtime="20210706 08:36:15.636"/>
</kw>
<kw name="Take Screenshot" library="Browser" type="TEARDOWN">
<tag>PageContent</tag>
<doc>Takes a screenshot of the current window and saves it to ``path``. Saves it as a png.</doc>
<msg timestamp="20210706 08:36:15.781" level="INFO" html="true">&lt;/td&gt;&lt;/tr&gt;&lt;tr&gt;&lt;td colspan="3"&gt;&lt;a href="browser/screenshot/robotframework-browser-screenshot-9.png"&gt;&lt;img src="browser/screenshot/robotframework-browser-screenshot-9.png" width="800px"&gt;&lt;/a&gt;</msg>
<status status="PASS" starttime="20210706 08:36:15.637" endtime="20210706 08:36:15.781"/>
</kw>
<status status="FAIL" starttime="20210706 08:36:06.255" endtime="20210706 08:36:15.782">TimeoutError: page.waitForSelector: Timeout 5000ms exceeded.
=========================== logs ===========================
waiting for selector "css=table tbody tr &gt;&gt; text=Steve Jobs" to be visible
============================================================
Note: use DEBUG=pw:api environment variable to capture Playwright logs.</status>
</test>
<test id="s1-s3-t2" name="Cenario: Registro não encontrado">
<kw name="Set Variable" library="BuiltIn">
<var>${name}</var>
<arg>Barão Zemo</arg>
<doc>Returns the given values which can then be assigned to a variables.</doc>
<msg timestamp="20210706 08:36:15.799" level="INFO">${name} = Barão Zemo</msg>
<status status="PASS" starttime="20210706 08:36:15.799" endtime="20210706 08:36:15.799"/>
</kw>
<kw name="Remove Student By Name" library="DeloreanLibrary">
<arg>${name}</arg>
<msg timestamp="20210706 08:36:15.800" level="INFO">delete from students where name LIKE '%Barão Zemo%'</msg>
<status status="PASS" starttime="20210706 08:36:15.800" endtime="20210706 08:36:17.230"/>
</kw>
<kw name="Go To Students" library="nav">
<kw name="Click" library="Browser">
<arg>css=a[href$=alunos]</arg>
<tag>PageContent</tag>
<tag>Setter</tag>
[...]
</iter>
<iter>
<var name="${item}">{'name': 'David Boiwe', 'email': 'dboiwe@hotmail.com', 'age': 35, 'weight': 70, 'feet_tall': 1.75}</var>
<kw name="Insert Student" library="DeloreanLibrary">
<arg>${item}</arg>
<msg timestamp="20210706 08:36:21.686" level="INFO">delete from students where email = 'dboiwe@hotmail.com'</msg>
<msg timestamp="20210706 08:36:22.973" level="INFO">insert into students (name, email, age, weight, feet_tall,created_at,updated_at)values('David Boiwe','dboiwe@hotmail.com',35,70,1.75,NOW(),NOW());</msg>
<status status="PASS" starttime="20210706 08:36:21.685" endtime="20210706 08:36:24.362"/>
</kw>
<status status="PASS" starttime="20210706 08:36:21.685" endtime="20210706 08:36:24.362"/>
</iter>
<iter>
<var name="${item}">{'name': 'David Beckham', 'email': 'dbeckham@yahoo.com', 'age': 35, 'weight': 70, 'feet_tall': 1.75}</var>
<kw name="Insert Student" library="DeloreanLibrary">
<arg>${item}</arg>
<msg timestamp="20210706 08:36:24.363" level="INFO">delete from students where email = 'dbeckham@yahoo.com'</msg>
<msg timestamp="20210706 08:36:25.778" level="INFO">insert into students (name, email, age, weight, feet_tall,created_at,updated_at)values('David Beckham','dbeckham@yahoo.com',35,70,1.75,NOW(),NOW());</msg>
<status status="PASS" starttime="20210706 08:36:24.362" endtime="20210706 08:36:27.177"/>
</kw>
<status status="PASS" starttime="20210706 08:36:24.362" endtime="20210706 08:36:27.177"/>
</iter>
<status status="PASS" starttime="20210706 08:36:18.901" endtime="20210706 08:36:27.177"/>
</for>
<kw name="Go To Students" library="nav">
<kw name="Click" library="Browser">
<arg>css=a[href$=alunos]</arg>
<tag>PageContent</tag>
<tag>Setter</tag>
<doc>Simulates mouse click on the element found by ``selector``.</doc>
<status status="PASS" starttime="20210706 08:36:27.178" endtime="20210706 08:36:27.219"/>
</kw>
<kw name="Wait For Elements State" library="Browser">
<arg>css=h1 &gt;&gt; text=Gestão de Alunos</arg>
<arg>visible</arg>
<arg>5</arg>
<tag>PageContent</tag>
<tag>Wait</tag>
<doc>Waits for the element found by ``selector`` to satisfy state option.</doc>
<msg timestamp="20210706 08:36:27.231" level="INFO">Wait for Element with selector: css=h1 &gt;&gt; text=Gestão de Alunos</msg>
<status status="PASS" starttime="20210706 08:36:27.219" endtime="20210706 08:36:27.232"/>
</kw>
<status status="PASS" starttime="20210706 08:36:27.178" endtime="20210706 08:36:27.232"/>
</kw>
<kw name="Search Student By Name" library="students">
<arg>${word}</arg>
<kw name="Fill Text" library="Browser">
<arg>css=input[placeholder="Buscar aluno"]</arg>
<arg>${name}</arg>
<tag>PageContent</tag>
<tag>Setter</tag>
<doc>Clears and fills the given ``text`` into the text field found by ``selector``.</doc>
<msg timestamp="20210706 08:36:27.233" level="INFO">Fills the text 'David' in the given field.</msg>
<status status="PASS" starttime="20210706 08:36:27.233" endtime="20210706 08:36:27.250"/>
</kw>
<status status="PASS" starttime="20210706 08:36:27.233" endtime="20210706 08:36:27.251"/>
</kw>
<for flavor="IN">
<var>${item}</var>
<value>@{students}</value>
<iter>
<var name="${item}">{'name': 'David Guetta', 'email': 'dguetta@gmail.com', 'age': 35, 'weight': 70, 'feet_tall': 1.75}</var>
<kw name="Student Name Should Be Visible" library="students">
<arg>${item['name']}</arg>
<kw name="Wait For Elements State" library="Browser">
<arg>css=table tbody tr &gt;&gt; text=${name}</arg>
<arg>visible</arg>
<arg>5</arg>
<tag>PageContent</tag>
<tag>Wait</tag>
<doc>Waits for the element found by ``selector`` to satisfy state option.</doc>
<msg timestamp="20210706 08:36:32.381" level="INFO" html="true">&lt;/td&gt;&lt;/tr&gt;&lt;tr&gt;&lt;td colspan="3"&gt;&lt;a href="Cenario_Busca_alunos_por_um_nico_termo_FAILURE_SCREENSHOT_1.png"&gt;&lt;img src="Cenario_Busca_alunos_por_um_nico_termo_FAILURE_SCREENSHOT_1.png" width="800px"&gt;&lt;/a&gt;</msg>
<msg timestamp="20210706 08:36:32.382" level="FAIL">TimeoutError: page.waitForSelector: Timeout 5000ms exceeded.
=========================== logs ===========================
waiting for selector "css=table tbody tr &gt;&gt; text=David Guetta" to be visible
============================================================
Note: use DEBUG=pw:api environment variable to capture Playwright logs.</msg>
<status status="FAIL" starttime="20210706 08:36:27.253" endtime="20210706 08:36:32.382"/>
</kw>
<status status="FAIL" starttime="20210706 08:36:27.252" endtime="20210706 08:36:32.382"/>
</kw>
<status status="FAIL" starttime="20210706 08:36:27.251" endtime="20210706 08:36:32.382"/>
</iter>
<status status="FAIL" starttime="20210706 08:36:27.251" endtime="20210706 08:36:32.382"/>
</for>
<kw name="Total Items Should Be" library="components">
<arg>${total}</arg>
<status status="NOT RUN" starttime="20210706 08:36:32.384" endtime="20210706 08:36:32.384"/>
</kw>
<kw name="Take Screenshot" library="Browser" type="TEARDOWN">
<tag>PageContent</tag>
<doc>Takes a screenshot of the current window and saves it to ``path``. Saves it as a png.</doc>
<msg timestamp="20210706 08:36:32.534" level="INFO" html="true">&lt;/td&gt;&lt;/tr&gt;&lt;tr&gt;&lt;td colspan="3"&gt;&lt;a href="browser/screenshot/robotframework-browser-screenshot-11.png"&gt;&lt;img src="browser/screenshot/robotframework-browser-screenshot-11.png" width="800px"&gt;&lt;/a&gt;</msg>
<status status="PASS" starttime="20210706 08:36:32.385" endtime="20210706 08:36:32.534"/>
</kw>
<tag>json</tag>
<status status="FAIL" starttime="20210706 08:36:17.525" endtime="20210706 08:36:32.535">TimeoutError: page.waitForSelector: Timeout 5000ms exceeded.
=========================== logs ===========================
waiting for selector "css=table tbody tr &gt;&gt; text=David Guetta" to be visible
============================================================
Note: use DEBUG=pw:api environment variable to capture Playwright logs.</status>
</test>
<doc>Buscar Alunos</doc>
<status status="FAIL" starttime="20210706 08:36:02.371" endtime="20210706 08:36:32.544"/>
</suite>
<suite id="s1-s4" name="Update" source="C:\Projetos\robotexpert\bodytest\tests\students\update.robot">
<kw name="Start Admin Session" library="base" type="SETUP">
<kw name="Start Browser Session" library="base">
<kw name="New Browser" library="Browser">
<arg>chromium</arg>
<arg>False</arg>
<tag>BrowserControl</tag>
<tag>Setter</tag>
<doc>Create a new playwright Browser with specified options.
See `Browser, Context and Page` for more information about Browser and related concepts.</doc>
<msg timestamp="20210706 08:36:32.673" level="INFO">{"browser": "chromium", "headless": false, "handleSIGINT": true, "handleSIGTERM": true, "handleSIGHUP": true, "timeout": 30000.0, "devtools": false, "slowMo": 0.0}</msg>
<msg timestamp="20210706 08:36:32.978" level="INFO">Successfully created browser with options: {"browser":"chromium","headless":false,"handleSIGINT":true,"handleSIGTERM":true,"handleSIGHUP":true,"timeout":30000,"devtools":false,"slowMo":0}</msg>
<status status="PASS" starttime="20210706 08:36:32.673" endtime="20210706 08:36:32.982"/>
</kw>
<kw name="New Page" library="Browser">
<arg>about:blank</arg>
<tag>BrowserControl</tag>
<tag>Setter</tag>
<doc>Open a new Page. A Page is the Playwright equivalent to a tab.
See `Browser, Context and Page` for more information about Page concept.
Returns a stable identifier for the created page.</doc>
<msg timestamp="20210706 08:36:33.327" level="INFO">Successfully initialized new page object and opened url: about:blank</msg>
<status status="PASS" starttime="20210706 08:36:32.982" endtime="20210706 08:36:33.328"/>
</kw>
<status status="PASS" starttime="20210706 08:36:32.672" endtime="20210706 08:36:33.330"/>
</kw>
<kw name="Go To Login Page" library="auth">
<kw name="Go To" library="Browser">
<arg>https://bodytest-web-rafaelcbc.herokuapp.com/</arg>
<tag>BrowserControl</tag>
<tag>Setter</tag>
<doc>Navigates to the given ``url``.</doc>
<msg timestamp="20210706 08:36:35.552" level="INFO">Succesfully opened URL https://bodytest-web-rafaelcbc.herokuapp.com/</msg>
<status status="PASS" starttime="20210706 08:36:33.332" endtime="20210706 08:36:35.553"/>
</kw>
<status status="PASS" starttime="20210706 08:36:33.331" endtime="20210706 08:36:35.554"/>
</kw>
<kw name="Login With" library="auth">
<arg>admin@bodytest.com</arg>
<arg>pwd123</arg>
<kw name="Fill Text" library="Browser">
<arg>css=input[name=email]</arg>
<arg>${email}</arg>
<tag>PageContent</tag>
<tag>Setter</tag>
<doc>Clears and fills the given ``text`` into the text field found by ``selector``.</doc>
<msg timestamp="20210706 08:36:35.555" level="INFO">Fills the text 'admin@bodytest.com' in the given field.</msg>
<status status="PASS" starttime="20210706 08:36:35.554" endtime="20210706 08:36:35.589"/>
</kw>
<kw name="Fill Text" library="Browser">
<arg>css=input[name=password]</arg>
<arg>${pass}</arg>
<tag>PageContent</tag>
<tag>Setter</tag>
<doc>Clears and fills the given ``text`` into the text field found by ``selector``.</doc>
<msg timestamp="20210706 08:36:35.589" level="INFO">Fills the text 'pwd123' in the given field.</msg>
<status status="PASS" starttime="20210706 08:36:35.589" endtime="20210706 08:36:35.609"/>
</kw>
<kw name="Click" library="Browser">
<arg>text=Entrar</arg>
<tag>PageContent</tag>
<tag>Setter</tag>
<doc>Simulates mouse click on the element found by ``selector``.</doc>
<status status="PASS" starttime="20210706 08:36:35.609" endtime="20210706 08:36:35.672"/>
</kw>
<status status="PASS" starttime="20210706 08:36:35.554" endtime="20210706 08:36:35.673"/>
</kw>
<kw name="User Should Be Logged In" library="nav">
<arg>Administrador</arg>
<kw name="Get Text" library="Browser">
<arg>css=aside strong</arg>
<arg>should be</arg>
<arg>${user_name}</arg>
<tag>Assertion</tag>
<tag>Getter</tag>
<tag>PageContent</tag>
<doc>Returns text attribute of the element found by ``selector``.
See the `Finding elements` section for details about the selectors.</doc>
<status status="PASS" starttime="20210706 08:36:35.673" endtime="20210706 08:36:36.552"/>
</kw>
<status status="PASS" starttime="20210706 08:36:35.673" endtime="20210706 08:36:36.552"/>
</kw>
<status status="PASS" starttime="20210706 08:36:32.671" endtime="20210706 08:36:36.552"/>
</kw>
<test id="s1-s4-t1" name="Cenario: Atualizar um aluno já cadastrado">
<kw name="Get JSON" library="base">
<var>${fixture}</var>
<arg>students-update.json</arg>
<kw name="Get File" library="OperatingSystem">
<var>${file}</var>
<arg>${EXECDIR}/resources/fixtures/${file_name}</arg>
<doc>Returns the contents of a specified file.</doc>
<msg timestamp="20210706 08:36:36.559" level="INFO" html="true">Getting file '&lt;a href="file://C:\Projetos\robotexpert\bodytest\resources\fixtures\students-update.json"&gt;C:\Projetos\robotexpert\bodytest\resources\fixtures\students-update.json&lt;/a&gt;'.</msg>
<msg timestamp="20210706 08:36:36.566" level="INFO">${file} = {
    "before": {
        "name": "Kamala Khan",
        "email": "kamalakhan@gmail.com",
        "age": 15,
        "weight": 60,
        "feet_tall": 1.70
    },
    "after": {
        "name": "Ms M...</msg>
<status status="PASS" starttime="20210706 08:36:36.559" endtime="20210706 08:36:36.566"/>
</kw>
<kw name="Evaluate" library="BuiltIn">
<var>${json_object}</var>
<arg>json.loads($file)</arg>
<arg>json</arg>
<doc>Evaluates the given expression in Python and returns the result.</doc>
<msg timestamp="20210706 08:36:36.567" level="INFO">${json_object} = {'before': {'name': 'Kamala Khan', 'email': 'kamalakhan@gmail.com', 'age': 15, 'weight': 60, 'feet_tall': 1.7}, 'after': {'name': 'Ms Marvel', 'email': 'ms@marvel.com', 'age': 16, 'weight': 65, 'feet_...</msg>
<status status="PASS" starttime="20210706 08:36:36.567" endtime="20210706 08:36:36.567"/>
</kw>
<msg timestamp="20210706 08:36:36.567" level="INFO">${fixture} = {'before': {'name': 'Kamala Khan', 'email': 'kamalakhan@gmail.com', 'age': 15, 'weight': 60, 'feet_tall': 1.7}, 'after': {'name': 'Ms Marvel', 'email': 'ms@marvel.com', 'age': 16, 'weight': 65, 'feet_...</msg>
<status status="PASS" starttime="20210706 08:36:36.558" endtime="20210706 08:36:36.567"/>
</kw>
<kw name="Set Variable" library="BuiltIn">
<var>${kamalakhan}</var>
<arg>${fixture['before']}</arg>
<doc>Returns the given values which can then be assigned to a variables.</doc>
<msg timestamp="20210706 08:36:36.569" level="INFO">${kamalakhan} = {'name': 'Kamala Khan', 'email': 'kamalakhan@gmail.com', 'age': 15, 'weight': 60, 'feet_tall': 1.7}</msg>
<status status="PASS" starttime="20210706 08:36:36.568" endtime="20210706 08:36:36.569"/>
</kw>
<kw name="Set Variable" library="BuiltIn">
<var>${msmarvel}</var>
<arg>${fixture['after']}</arg>
<doc>Returns the given values which can then be assigned to a variables.</doc>
<msg timestamp="20210706 08:36:36.571" level="INFO">${msmarvel} = {'name': 'Ms Marvel', 'email': 'ms@marvel.com', 'age': 16, 'weight': 65, 'feet_tall': 1.72}</msg>
<status status="PASS" starttime="20210706 08:36:36.570" endtime="20210706 08:36:36.571"/>
</kw>
<kw name="Remove Student By Name" library="DeloreanLibrary">
<arg>${kamalakhan['name']}</arg>
<msg timestamp="20210706 08:36:36.572" level="INFO">delete from students where name LIKE '%Kamala Khan%'</msg>
<status status="PASS" starttime="20210706 08:36:36.571" endtime="20210706 08:36:37.981"/>
</kw>
<kw name="Remove Student By Name" library="DeloreanLibrary">
<arg>${msmarvel['name']}</arg>
<msg timestamp="20210706 08:36:37.982" level="INFO">delete from students where name LIKE '%Ms Marvel%'</msg>
<status status="PASS" starttime="20210706 08:36:37.981" endtime="20210706 08:36:39.381"/>
</kw>
<kw name="Insert Student" library="DeloreanLibrary">
<arg>${kamalakhan}</arg>
<msg timestamp="20210706 08:36:39.382" level="INFO">delete from students where email = 'kamalakhan@gmail.com'</msg>
<msg timestamp="20210706 08:36:40.816" level="INFO">insert into students (name, email, age, weight, feet_tall,created_at,updated_at)values('Kamala Khan','kamalakhan@gmail.com',15,60,1.7,NOW(),NOW());</msg>
<status status="PASS" starttime="20210706 08:36:39.382" endtime="20210706 08:36:42.168"/>
</kw>
<kw name="Go To Students" library="nav">
<kw name="Click" library="Browser">
<arg>css=a[href$=alunos]</arg>
<tag>PageContent</tag>
<tag>Setter</tag>
<doc>Simulates mouse click on the element found by ``selector``.</doc>
<status status="PASS" starttime="20210706 08:36:42.170" endtime="20210706 08:36:42.236"/>
</kw>
<kw name="Wait For Elements State" library="Browser">
<arg>css=h1 &gt;&gt; text=Gestão de Alunos</arg>
<arg>visible</arg>
<arg>5</arg>
<tag>PageContent</tag>
<tag>Wait</tag>
<doc>Waits for the element found by ``selector`` to satisfy state option.</doc>
<msg timestamp="20210706 08:36:42.250" level="INFO">Wait for Element with selector: css=h1 &gt;&gt; text=Gestão de Alunos</msg>
<status status="PASS" starttime="20210706 08:36:42.236" endtime="20210706 08:36:42.250"/>
</kw>
<status status="PASS" starttime="20210706 08:36:42.169" endtime="20210706 08:36:42.251"/>
</kw>
<kw name="Search Student By Name" library="students">
<arg>${kamalakhan['name']}</arg>
<kw name="Fill Text" library="Browser">
<arg>css=input[placeholder="Buscar aluno"]</arg>
<arg>${name}</arg>
<tag>PageContent</tag>
<tag>Setter</tag>
<doc>Clears and fills the given ``text`` into the text field found by ``selector``.</doc>
<msg timestamp="20210706 08:36:42.253" level="INFO">Fills the text 'Kamala Khan' in the given field.</msg>
<status status="PASS" starttime="20210706 08:36:42.253" endtime="20210706 08:36:42.275"/>
</kw>
<status status="PASS" starttime="20210706 08:36:42.251" endtime="20210706 08:36:42.275"/>
</kw>
<kw name="Go To Student Update Form" library="students">
<arg>${kamalakhan['email']}</arg>
<kw name="Click" library="Browser">
<arg>xpath=//td[contains(text(), "${email}")]/..//a[@class="edit"]</arg>
<tag>PageContent</tag>
<tag>Setter</tag>
<doc>Simulates mouse click on the element found by ``selector``.</doc>
<msg timestamp="20210706 08:36:52.424" level="INFO" html="true">&lt;/td&gt;&lt;/tr&gt;&lt;tr&gt;&lt;td colspan="3"&gt;&lt;a href="Cenario_Atualizar_um_aluno_j_cadastrado_FAILURE_SCREENSHOT_1.png"&gt;&lt;img src="Cenario_Atualizar_um_aluno_j_cadastrado_FAILURE_SCREENSHOT_1.png" width="800px"&gt;&lt;/a&gt;</msg>
<msg timestamp="20210706 08:36:52.425" level="FAIL">TimeoutError: page.click: Timeout 10000ms exceeded.
=========================== logs ===========================
waiting for selector "xpath=//td[contains(text(), "kamalakhan@gmail.com")]/..//a[@class="edit"]"
============================================================
Note: use DEBUG=pw:api environment variable to capture Playwright logs.</msg>
<status status="FAIL" starttime="20210706 08:36:42.277" endtime="20210706 08:36:52.425"/>
</kw>
<kw name="Wait For Elements State" library="Browser">
<arg>css=h1 &gt;&gt; text=Edição de aluno</arg>
<arg>visible</arg>
<arg>5</arg>
<tag>PageContent</tag>
<tag>Wait</tag>
<doc>Waits for the element found by ``selector`` to satisfy state option.</doc>
<status status="NOT RUN" starttime="20210706 08:36:52.425" endtime="20210706 08:36:52.425"/>
</kw>
<status status="FAIL" starttime="20210706 08:36:42.276" endtime="20210706 08:36:52.425"/>
</kw>
<kw name="Update A Student" library="students">
<arg>${msmarvel}</arg>
<status status="NOT RUN" starttime="20210706 08:36:52.427" endtime="20210706 08:36:52.427"/>
</kw>
<kw name="Toaster Text Should Be" library="components">
<arg>Aluno atualizado com sucesso.</arg>
<status status="NOT RUN" starttime="20210706 08:36:52.428" endtime="20210706 08:36:52.428"/>
</kw>
<kw name="Thinking And Take Screenshot" library="base" type="TEARDOWN">
<arg>2</arg>
<kw name="Sleep" library="BuiltIn">
<arg>${timeout}</arg>
<doc>Pauses the test executed for the given time.</doc>
<msg timestamp="20210706 08:36:54.438" level="INFO">Slept 2 seconds</msg>
<status status="PASS" starttime="20210706 08:36:52.430" endtime="20210706 08:36:54.438"/>
</kw>
<kw name="Take Screenshot" library="Browser">
<tag>PageContent</tag>
<doc>Takes a screenshot of the current window and saves it to ``path``. Saves it as a png.</doc>
<msg timestamp="20210706 08:36:54.571" level="INFO" html="true">&lt;/td&gt;&lt;/tr&gt;&lt;tr&gt;&lt;td colspan="3"&gt;&lt;a href="browser/screenshot/robotframework-browser-screenshot-12.png"&gt;&lt;img src="browser/screenshot/robotframework-browser-screenshot-12.png" width="800px"&gt;&lt;/a&gt;</msg>
<status status="PASS" starttime="20210706 08:36:54.438" endtime="20210706 08:36:54.571"/>
</kw>
<status status="PASS" starttime="20210706 08:36:52.429" endtime="20210706 08:36:54.572"/>
</kw>
<status status="FAIL" starttime="20210706 08:36:36.553" endtime="20210706 08:36:54.573">TimeoutError: page.click: Timeout 10000ms exceeded.
=========================== logs ===========================
waiting for selector "xpath=//td[contains(text(), "kamalakhan@gmail.com")]/..//a[@class="edit"]"
============================================================
Note: use DEBUG=pw:api environment variable to capture Playwright logs.</status>
</test>
<doc>Atualizar Alunos</doc>
<status status="FAIL" starttime="20210706 08:36:32.642" endtime="20210706 08:36:54.586"/>
</suite>
<status status="FAIL" starttime="20210706 08:35:02.281" endtime="20210706 08:36:54.689"/>
</suite>
<statistics>
<total>
<stat pass="6" fail="6" skip="0">All Tests</stat>
</total>
<tag>
<stat pass="0" fail="1" skip="0">dup</stat>
<stat pass="0" fail="1" skip="0">json</stat>
<stat pass="2" fail="0" skip="0">temp</stat>
</tag>
<suite>
<stat pass="6" fail="6" skip="0" id="s1" name="Students">Students</stat>
<stat pass="5" fail="1" skip="0" id="s1-s1" name="Create">Students.Create</stat>
<stat pass="0" fail="2" skip="0" id="s1-s2" name="Remove">Students.Remove</stat>
<stat pass="1" fail="2" skip="0" id="s1-s3" name="Search">Students.Search</stat>
<stat pass="0" fail="1" skip="0" id="s1-s4" name="Update">Students.Update</stat>
</suite>
</statistics>
<errors>
</errors>
</robot>
